GeneMark.hmm PROKARYOTIC (Version 3.4.4)
Date: Sun Jan 24 19:45:30 2016
Sequence file name: /storage2/gena/GMS2/new/benchmark/Halobacterium_salinarum_R1_uid61571/GMS2_auto/../NC_010364.fna
Model file name: itr_9.mod
RBS: false
Model information: GeneMarkS_gcode_11

FASTA definition line: gi|169235049|ref|NC_010364.1| Halobacterium salinarum R1, complete genome
Predicted genes
   Gene    Strand    LeftEnd    RightEnd       Gene     Class
    #                                         Length
 1	+	248	1453	1206	1
 2	+	1450	2115	666	1
 3	+	2112	3254	1143	1
 4	+	3322	5643	2322	1
 5	-	5646	7451	1806	1
 6	-	7454	8641	1188	1
 7	-	8655	9863	1209	1
 8	+	9980	11413	1434	1
 9	-	11478	12734	1257	1
 10	-	13462	13812	351	1
 11	-	13809	14201	393	1
 12	+	14484	14780	297	2
 13	+	14871	15131	261	1
 14	+	15310	15408	99	2
 15	-	15419	16051	633	2
 16	+	16342	17706	1365	2
 17	+	18357	18902	546	2
 18	+	18895	19530	636	2
 19	-	19703	20140	438	2
 20	-	20219	20482	264	2
 21	-	20533	21789	1257	1
 22	-	22103	22300	198	1
 23	+	23336	23890	555	2
 24	+	26648	29008	2361	2
 25	+	29046	29429	384	2
 26	-	29476	29913	438	2
 27	-	29913	30197	285	1
 28	-	30356	31144	789	1
 29	-	31241	31570	330	1
 30	+	31841	32089	249	2
 31	+	32104	32358	255	2
 32	-	32558	32893	336	2
 33	-	32896	33225	330	2
 34	-	33185	33589	405	1
 35	-	33613	33918	306	1
 36	-	34654	35934	1281	1
 37	+	36157	36936	780	2
 38	+	37369	37728	360	1
 39	+	37730	38986	1257	1
 40	+	39215	40447	1233	1
 41	-	40626	41918	1293	1
 42	+	42006	42734	729	1
 43	+	42895	43674	780	2
 44	+	43722	45164	1443	2
 45	-	45260	45985	726	2
 46	-	46870	48036	1167	1
 47	-	48214	49518	1305	2
 48	+	49605	50237	633	2
 49	-	50367	50987	621	2
 50	+	51018	51266	249	2
 51	-	51579	53036	1458	1
 52	+	53584	54069	486	2
 53	+	54207	55382	1176	2
 54	-	55711	56760	1050	2
 55	-	56808	58112	1305	1
 56	-	58214	58648	435	2
 57	-	58675	59748	1074	2
 58	+	59842	61197	1356	2
 59	-	61624	62712	1089	1
 60	-	62715	63701	987	1
 61	+	63942	64658	717	2
 62	-	64714	64908	195	2
 63	+	64896	65825	930	1
 64	+	65925	66221	297	1
 65	+	66218	66487	270	1
 66	+	66707	66847	141	2
 67	+	67069	67266	198	2
 68	+	67256	67549	294	1
 69	-	68072	68506	435	1
 70	-	68503	68793	291	1
 71	+	68923	69219	297	1
 72	+	69341	69529	189	1
 73	+	69568	69795	228	2
 74	+	70655	71764	1110	1
 75	+	71836	72291	456	1
 76	+	72332	72763	432	1
 77	+	72928	73719	792	1
 78	-	73723	74559	837	1
 79	+	74684	75757	1074	1
 80	-	75767	77662	1896	1
 81	-	77659	78882	1224	1
 82	-	78938	79675	738	1
 83	-	79698	80612	915	1
 84	-	80677	81342	666	1
 85	-	81402	82343	942	1
 86	+	82467	83474	1008	1
 87	+	83555	83941	387	1
 88	-	83947	84804	858	1
 89	-	84900	85409	510	1
 90	-	85632	85826	195	1
 91	-	85942	86598	657	1
 92	-	86655	87599	945	1
 93	-	87749	88207	459	1
 94	+	88683	89339	657	1
 95	+	89392	90696	1305	1
 96	+	90807	91595	789	1
 97	+	91588	93015	1428	2
 98	+	93094	96069	2976	1
 99	+	96062	96787	726	1
 100	+	98036	98404	369	1
 101	+	98469	99146	678	1
 102	+	99251	100033	783	1
 103	+	100104	100364	261	2
 104	-	100522	101346	825	2
 105	+	101365	101649	285	2
 106	-	101665	101940	276	1
 107	-	101940	102323	384	2
 108	-	102494	102652	159	1
 109	-	102652	102777	126	1
 110	+	103145	103636	492	1
 111	+	103704	105632	1929	1
 112	+	105679	106422	744	1
 113	-	106434	106820	387	1
 114	-	106864	107193	330	1
 115	+	107292	108059	768	1
 116	+	108298	109194	897	1
 117	+	109199	109462	264	1
 118	-	109465	110079	615	1
 119	+	110400	111824	1425	1
 120	+	111878	112330	453	1
 121	+	112327	113343	1017	1
 122	-	113322	114680	1359	1
 123	+	115233	115445	213	2
 124	+	115436	115780	345	1
 125	+	116617	116724	108	1
 126	-	116944	117348	405	1
 127	-	117498	117605	108	1
 128	-	117819	118061	243	2
 129	-	118092	118433	342	1
 130	+	118777	119214	438	1
 131	+	119680	119916	237	1
 132	-	119921	120349	429	1
 133	-	120416	120619	204	1
 134	+	120764	123037	2274	1
 135	-	123052	123723	672	1
 136	-	123720	124253	534	1
 137	-	124250	124918	669	1
 138	-	125174	126262	1089	1
 139	-	126341	127738	1398	1
 140	+	127854	128552	699	1
 141	+	128646	129878	1233	1
 142	-	129899	130855	957	1
 143	-	130879	132858	1980	1
 144	+	132977	135439	2463	1
 145	+	135666	136955	1290	1
 146	+	137024	138640	1617	1
 147	-	138656	141271	2616	1
 148	-	141343	142362	1020	1
 149	+	142497	143258	762	1
 150	+	143327	143659	333	1
 151	-	143660	144364	705	1
 152	-	144516	145145	630	1
 153	+	145347	146069	723	1
 154	-	146041	148632	2592	1
 155	+	148928	151330	2403	1
 156	+	151336	152022	687	1
 157	-	152037	152777	741	1
 158	-	152929	153519	591	1
 159	-	153652	154632	981	1
 160	-	154856	155758	903	1
 161	-	155843	156667	825	1
 162	+	156775	157593	819	1
 163	+	157643	158470	828	1
 164	+	158642	159454	813	1
 165	+	159504	160595	1092	1
 166	-	160626	161273	648	1
 167	+	161369	162748	1380	1
 168	+	162818	164257	1440	1
 169	+	164313	165275	963	1
 170	-	165314	166495	1182	1
 171	-	166498	166656	159	2
 172	-	166843	167361	519	1
 173	-	167956	168216	261	1
 174	-	168346	169323	978	1
 175	+	169527	170048	522	1
 176	-	169883	170551	669	1
 177	-	170548	170916	369	1
 178	-	170909	171586	678	1
 179	-	171586	172089	504	1
 180	-	172086	172808	723	1
 181	-	172805	173668	864	1
 182	-	173699	174637	939	1
 183	-	174634	176778	2145	1
 184	+	176910	177878	969	1
 185	+	177878	178450	573	1
 186	+	178450	179712	1263	1
 187	+	179709	180203	495	1
 188	-	180200	181156	957	1
 189	+	181445	182527	1083	1
 190	-	182519	182881	363	1
 191	+	182973	183524	552	1
 192	+	183531	185405	1875	1
 193	+	185448	186131	684	1
 194	-	186189	186428	240	1
 195	-	186435	186812	378	1
 196	-	186936	187193	258	1
 197	-	187199	187333	135	1
 198	-	187342	187629	288	1
 199	+	187777	187995	219	1
 200	-	188023	188745	723	1
 201	-	188798	190102	1305	1
 202	-	190102	190440	339	1
 203	+	190524	191138	615	1
 204	+	191172	191759	588	1
 205	+	191756	192664	909	1
 206	-	192656	193420	765	1
 207	-	193423	195855	2433	1
 208	-	195937	196686	750	1
 209	-	196726	197565	840	1
 210	-	197621	198331	711	1
 211	-	198433	199404	972	1
 212	+	199586	200185	600	1
 213	+	200178	200729	552	1
 214	-	200786	201136	351	1
 215	+	201248	201781	534	1
 216	+	201883	201999	117	1
 217	+	202043	203158	1116	1
 218	+	203214	204572	1359	1
 219	-	204589	205662	1074	1
 220	+	205784	206215	432	1
 221	+	206215	207108	894	1
 222	+	207129	208217	1089	1
 223	+	208277	209479	1203	1
 224	+	209507	210601	1095	1
 225	+	210629	211096	468	1
 226	+	211152	211757	606	1
 227	+	211796	213421	1626	1
 228	+	213537	214340	804	1
 229	-	214327	214497	171	1
 230	+	214614	215735	1122	1
 231	-	215737	216171	435	1
 232	-	216168	216326	159	1
 233	+	216419	217246	828	1
 234	+	217282	218976	1695	1
 235	+	219199	219588	390	1
 236	+	219590	220744	1155	1
 237	-	220797	221225	429	1
 238	-	221302	221964	663	1
 239	-	222010	222792	783	1
 240	-	222830	223099	270	1
 241	+	223284	223988	705	1
 242	+	224041	224958	918	1
 243	-	224955	225773	819	1
 244	-	225845	226471	627	1
 245	-	226465	227229	765	1
 246	-	227280	227813	534	1
 247	+	227990	230098	2109	1
 248	-	230154	230603	450	1
 249	+	230688	231443	756	1
 250	+	231440	232732	1293	1
 251	+	232729	233559	831	1
 252	+	233584	234381	798	1
 253	-	234378	234683	306	1
 254	+	234786	235949	1164	1
 255	-	235956	236366	411	1
 256	-	236414	237094	681	1
 257	-	237155	238099	945	1
 258	+	238405	239118	714	1
 259	-	239120	240964	1845	1
 260	+	241168	241410	243	1
 261	-	241420	242031	612	1
 262	-	242087	243265	1179	1
 263	-	243305	243814	510	1
 264	-	243847	244023	177	1
 265	-	244061	245800	1740	1
 266	-	245889	247958	2070	1
 267	-	248019	249086	1068	1
 268	-	249112	250398	1287	1
 269	-	250438	252696	2259	1
 270	+	252830	253219	390	1
 271	-	253220	254125	906	1
 272	+	254400	255092	693	1
 273	+	255147	255767	621	1
 274	-	255742	257046	1305	1
 275	+	257151	257414	264	1
 276	+	257487	258188	702	1
 277	-	258193	259053	861	1
 278	-	259046	262618	3573	1
 279	-	262640	262924	285	1
 280	+	263054	264541	1488	1
 281	-	264587	264979	393	1
 282	-	265038	265418	381	1
 283	+	265641	268130	2490	1
 284	+	268291	269559	1269	1
 285	+	269593	269811	219	1
 286	+	269851	270621	771	1
 287	-	270634	272517	1884	1
 288	-	272598	272879	282	1
 289	+	272970	273872	903	1
 290	-	273911	274324	414	1
 291	+	274419	275420	1002	1
 292	+	275425	276219	795	1
 293	+	276278	277099	822	1
 294	-	277115	278158	1044	1
 295	+	278248	278592	345	1
 296	+	278638	279153	516	1
 297	+	279175	279657	483	1
 298	-	279662	280417	756	1
 299	+	280526	281686	1161	1
 300	+	281790	282131	342	1
 301	-	282141	282578	438	1
 302	-	282580	282753	174	1
 303	-	282817	284007	1191	1
 304	-	284035	285396	1362	1
 305	-	285457	286413	957	1
 306	+	286491	287291	801	1
 307	+	287318	287677	360	1
 308	+	287692	289158	1467	1
 309	+	289155	289709	555	1
 310	-	289913	290701	789	1
 311	+	290845	291702	858	1
 312	+	291748	292218	471	1
 313	-	292215	292505	291	1
 314	+	292564	293553	990	1
 315	-	293554	294276	723	1
 316	-	294323	295471	1149	1
 317	-	295545	296447	903	1
 318	+	296708	297121	414	1
 319	+	297179	297976	798	1
 320	-	297978	298475	498	1
 321	-	298567	300492	1926	1
 322	-	300810	300962	153	1
 323	+	301084	302589	1506	1
 324	+	302668	303198	531	1
 325	+	303234	304223	990	1
 326	+	304382	305440	1059	1
 327	-	305433	306401	969	1
 328	-	306483	307553	1071	1
 329	-	307586	309382	1797	1
 330	+	309485	310552	1068	1
 331	-	310574	313021	2448	1
 332	-	313070	314686	1617	1
 333	+	314856	316232	1377	1
 334	+	316297	316938	642	1
 335	+	316975	317472	498	1
 336	-	317473	317661	189	1
 337	+	317745	318224	480	1
 338	-	318232	319575	1344	1
 339	+	319692	320084	393	1
 340	+	320084	320800	717	1
 341	-	320930	321244	315	1
 342	+	321356	322618	1263	1
 343	-	322619	323389	771	1
 344	+	323473	323958	486	1
 345	-	323965	324990	1026	1
 346	-	325093	325521	429	1
 347	+	325645	325980	336	1
 348	-	326075	326341	267	1
 349	-	326338	327903	1566	1
 350	+	328000	329280	1281	1
 351	-	329291	330661	1371	1
 352	+	330767	331096	330	1
 353	-	331099	332229	1131	1
 354	+	332289	332924	636	1
 355	-	332947	334185	1239	1
 356	-	334223	335137	915	1
 357	-	335186	336394	1209	1
 358	+	336482	337552	1071	1
 359	+	337549	338187	639	1
 360	+	338228	338632	405	1
 361	-	338644	339324	681	1
 362	-	339330	340175	846	1
 363	-	340182	341882	1701	1
 364	-	341884	342843	960	1
 365	-	342899	343933	1035	1
 366	+	344160	345164	1005	1
 367	+	345237	346208	972	1
 368	+	346535	347845	1311	1
 369	-	347882	348166	285	1
 370	-	348168	348785	618	1
 371	-	348778	349668	891	1
 372	-	349665	350516	852	1
 373	-	350665	351492	828	1
 374	-	351556	352788	1233	1
 375	-	352982	354664	1683	1
 376	-	354636	355394	759	1
 377	-	355553	355741	189	1
 378	-	355750	356166	417	1
 379	+	356266	356424	159	1
 380	-	356581	357450	870	1
 381	-	357447	359195	1749	1
 382	+	359444	360088	645	1
 383	+	360103	360681	579	1
 384	-	360686	361075	390	1
 385	-	361114	362064	951	1
 386	-	362118	364223	2106	1
 387	-	364216	364785	570	1
 388	-	364854	366038	1185	1
 389	+	366130	368100	1971	1
 390	-	368097	368477	381	1
 391	-	368510	369085	576	1
 392	-	369085	369660	576	1
 393	-	369806	370510	705	1
 394	-	370579	371754	1176	1
 395	-	371830	373719	1890	1
 396	-	373876	374571	696	1
 397	-	374611	375264	654	1
 398	-	375340	375723	384	1
 399	-	375776	376282	507	1
 400	-	376279	377190	912	1
 401	+	377286	378032	747	1
 402	-	378043	379212	1170	1
 403	+	379446	380567	1122	1
 404	+	380632	381420	789	1
 405	-	381417	382598	1182	1
 406	+	382709	383809	1101	1
 407	-	383806	384090	285	1
 408	-	384138	384983	846	1
 409	+	385079	385276	198	1
 410	+	385326	385463	138	1
 411	-	385507	386727	1221	1
 412	+	386934	387164	231	1
 413	+	387222	388385	1164	1
 414	+	388382	391033	2652	1
 415	+	391085	391336	252	1
 416	-	391324	391752	429	1
 417	-	391778	392059	282	1
 418	-	392100	392294	195	1
 419	+	392399	395104	2706	1
 420	-	395120	395863	744	1
 421	+	396165	397091	927	1
 422	+	397128	398552	1425	1
 423	+	398554	399768	1215	1
 424	+	399868	400374	507	1
 425	+	400436	400870	435	1
 426	+	401382	401687	306	1
 427	+	401692	402405	714	1
 428	+	402597	403280	684	1
 429	-	403304	403993	690	1
 430	-	403990	404667	678	1
 431	-	404816	407530	2715	1
 432	-	407523	408014	492	1
 433	-	408076	409032	957	1
 434	-	409180	410376	1197	1
 435	+	410500	411765	1266	1
 436	-	411753	412457	705	1
 437	-	412520	413119	600	1
 438	-	413182	413934	753	1
 439	-	413939	414121	183	1
 440	-	414121	414924	804	1
 441	-	414921	415094	174	1
 442	-	415099	415380	282	1
 443	+	415530	416873	1344	1
 444	+	416899	417165	267	1
 445	-	417066	419522	2457	1
 446	+	419701	421257	1557	1
 447	-	421561	422241	681	1
 448	-	422310	422876	567	1
 449	-	422935	424719	1785	1
 450	-	424716	426335	1620	1
 451	-	426332	427813	1482	1
 452	-	427806	428162	357	1
 453	-	428159	428626	468	1
 454	-	428623	429153	531	1
 455	-	429150	429476	327	1
 456	-	429473	429748	276	1
 457	-	429745	430839	1095	1
 458	-	431009	432187	1179	1
 459	+	432294	432785	492	1
 460	-	432795	433343	549	1
 461	+	433486	433743	258	1
 462	+	433794	435095	1302	1
 463	+	435234	435959	726	1
 464	+	436004	436444	441	1
 465	-	436539	436799	261	1
 466	-	436792	437079	288	1
 467	-	437173	437937	765	1
 468	-	437942	438754	813	1
 469	-	438757	439545	789	1
 470	-	439590	439976	387	1
 471	-	439976	440665	690	1
 472	-	440741	441652	912	1
 473	+	441748	442236	489	1
 474	-	442233	442877	645	1
 475	-	442977	443660	684	1
 476	+	443768	444745	978	1
 477	+	445411	445737	327	1
 478	-	445748	446362	615	1
 479	+	446549	447307	759	1
 480	+	447358	447759	402	1
 481	-	447756	448865	1110	1
 482	-	448867	449949	1083	1
 483	+	450022	450303	282	1
 484	+	450351	450593	243	1
 485	-	450609	451070	462	1
 486	+	451577	451714	138	1
 487	+	451723	452004	282	1
 488	+	452032	453012	981	1
 489	-	453022	453435	414	1
 490	-	453468	454115	648	1
 491	-	454230	455072	843	1
 492	+	455798	456778	981	2
 493	+	457131	457526	396	2
 494	-	457664	457858	195	2
 495	+	458245	458496	252	1
 496	-	458665	461034	2370	1
 497	-	461187	462824	1638	1
 498	-	462945	463871	927	1
 499	-	463873	464775	903	1
 500	-	464959	465987	1029	1
 501	+	466078	467847	1770	1
 502	-	467866	468297	432	1
 503	-	468302	468775	474	1
 504	+	468849	469685	837	1
 505	+	469755	471008	1254	1
 506	-	471132	472274	1143	1
 507	-	472271	472672	402	1
 508	+	472769	474514	1746	1
 509	+	474584	475735	1152	1
 510	+	475732	476343	612	1
 511	+	476469	476879	411	1
 512	+	476944	477579	636	1
 513	+	477576	479264	1689	1
 514	+	479265	480320	1056	1
 515	+	480317	480778	462	1
 516	+	480836	481096	261	1
 517	+	481093	481401	309	1
 518	+	481401	481703	303	1
 519	+	481705	483783	2079	1
 520	+	483787	485343	1557	1
 521	+	485340	486827	1488	1
 522	+	486895	488328	1434	1
 523	+	488360	489178	819	1
 524	+	489277	489426	150	1
 525	+	489556	491259	1704	1
 526	-	491264	492007	744	1
 527	-	492062	492343	282	1
 528	-	492547	494328	1782	1
 529	-	494454	494681	228	1
 530	-	494723	495085	363	1
 531	+	495228	496085	858	1
 532	+	496135	496983	849	1
 533	-	496984	497751	768	1
 534	+	497858	499237	1380	1
 535	+	499238	499894	657	1
 536	+	499935	500831	897	1
 537	+	500828	501577	750	1
 538	-	501583	502062	480	1
 539	-	502080	502688	609	1
 540	+	502810	503226	417	1
 541	+	503228	504202	975	1
 542	+	504260	505192	933	1
 543	-	505169	505552	384	1
 544	-	505549	506736	1188	1
 545	-	506778	507065	288	1
 546	-	507111	508253	1143	1
 547	+	508385	509431	1047	1
 548	-	509458	510318	861	1
 549	+	510404	511090	687	1
 550	+	511189	511980	792	1
 551	+	511980	512843	864	1
 552	+	512869	513558	690	1
 553	+	513961	514731	771	1
 554	+	514790	515653	864	1
 555	+	515650	517389	1740	1
 556	+	517382	518431	1050	1
 557	+	518484	518900	417	1
 558	-	519110	519775	666	1
 559	+	520045	522618	2574	1
 560	+	522680	522886	207	1
 561	+	523025	523309	285	1
 562	-	523313	523684	372	1
 563	-	523770	525281	1512	1
 564	+	525416	526054	639	1
 565	+	526127	526663	537	1
 566	+	526824	527783	960	1
 567	+	527859	528440	582	1
 568	+	528487	529182	696	1
 569	+	529260	530690	1431	1
 570	-	530687	532315	1629	1
 571	+	532409	532735	327	1
 572	-	532748	533425	678	1
 573	+	533522	534319	798	1
 574	-	534324	535751	1428	1
 575	-	535839	536948	1110	1
 576	+	537035	537295	261	1
 577	+	537345	538253	909	1
 578	-	538263	538853	591	1
 579	+	539267	540751	1485	1
 580	+	540916	541533	618	1
 581	-	541530	542441	912	1
 582	+	542527	542997	471	1
 583	-	542998	544017	1020	1
 584	+	544100	544648	549	1
 585	-	544684	545661	978	1
 586	+	545979	546566	588	1
 587	+	546570	548483	1914	1
 588	-	548489	548932	444	1
 589	+	549024	549248	225	1
 590	-	549260	549892	633	1
 591	+	549979	550281	303	1
 592	-	550295	550981	687	1
 593	+	551090	551536	447	1
 594	-	551547	553529	1983	1
 595	-	553516	554844	1329	1
 596	-	554835	557105	2271	1
 597	-	557102	559159	2058	1
 598	+	559503	560222	720	1
 599	+	560297	560611	315	1
 600	-	560651	561595	945	1
 601	-	561677	562855	1179	1
 602	-	562889	563545	657	1
 603	+	563739	564317	579	1
 604	+	564526	565044	519	1
 605	+	565044	565715	672	1
 606	+	565712	566437	726	1
 607	+	566472	567167	696	1
 608	-	567177	567290	114	2
 609	+	567396	568022	627	1
 610	+	568113	569189	1077	1
 611	-	569199	569369	171	1
 612	+	569478	570506	1029	1
 613	+	570567	570752	186	1
 614	+	570793	571017	225	1
 615	+	571063	571473	411	1
 616	-	571726	573237	1512	1
 617	-	573313	574161	849	1
 618	+	574321	575460	1140	1
 619	-	575480	575920	441	1
 620	-	575917	576402	486	1
 621	+	576510	578402	1893	1
 622	-	578399	579943	1545	1
 623	-	579976	581277	1302	1
 624	-	581330	582007	678	1
 625	+	582104	582553	450	1
 626	-	582614	583234	621	1
 627	-	583231	583476	246	1
 628	-	583473	584576	1104	1
 629	-	584581	585039	459	1
 630	-	585635	588004	2370	1
 631	-	588001	589140	1140	1
 632	+	589569	590018	450	1
 633	+	590153	591370	1218	1
 634	+	591430	592698	1269	1
 635	+	592762	593463	702	1
 636	+	593460	594056	597	1
 637	-	594311	594550	240	1
 638	+	594808	595620	813	1
 639	-	595646	597982	2337	1
 640	-	598138	599499	1362	1
 641	+	599612	600169	558	1
 642	-	600170	600493	324	1
 643	+	600784	603234	2451	1
 644	+	603231	604481	1251	1
 645	-	604501	605133	633	1
 646	+	605270	606280	1011	1
 647	+	606474	608114	1641	1
 648	+	608207	609925	1719	1
 649	+	609922	611607	1686	1
 650	-	611861	612514	654	1
 651	-	612511	614646	2136	1
 652	-	614643	616295	1653	1
 653	-	616359	617060	702	1
 654	-	617140	617586	447	1
 655	+	617732	618406	675	1
 656	+	618487	618726	240	1
 657	+	618719	621232	2514	1
 658	+	621229	622017	789	1
 659	+	622017	623324	1308	1
 660	+	623321	623899	579	1
 661	+	624014	624862	849	1
 662	-	624874	625236	363	1
 663	+	625585	626349	765	2
 664	+	626358	626570	213	2
 665	+	628097	628474	378	1
 666	+	628467	629540	1074	1
 667	-	629804	630124	321	2
 668	-	630183	630866	684	1
 669	-	630947	631756	810	1
 670	+	631892	633367	1476	1
 671	-	633392	634297	906	1
 672	-	634346	635689	1344	1
 673	-	635782	636618	837	1
 674	+	636701	637351	651	1
 675	-	637360	637758	399	1
 676	+	637866	638900	1035	1
 677	+	638949	639569	621	1
 678	-	639560	641356	1797	1
 679	+	641456	641740	285	1
 680	-	641747	642568	822	1
 681	+	642641	643111	471	1
 682	+	643164	643301	138	1
 683	-	643309	645411	2103	1
 684	+	645527	646210	684	1
 685	+	646210	647292	1083	1
 686	-	647308	647781	474	1
 687	-	647814	648800	987	1
 688	+	648961	649236	276	1
 689	+	649236	650507	1272	1
 690	-	650515	650982	468	1
 691	+	651085	652599	1515	1
 692	+	652596	653204	609	1
 693	+	653262	654257	996	1
 694	-	654343	654882	540	1
 695	-	654923	655288	366	1
 696	+	655523	656254	732	1
 697	+	656396	658081	1686	1
 698	+	658136	658909	774	1
 699	+	658975	659769	795	1
 700	-	659720	660820	1101	1
 701	-	660817	663231	2415	1
 702	+	663373	665286	1914	1
 703	+	665288	667762	2475	1
 704	+	667951	668484	534	1
 705	+	668530	669699	1170	1
 706	+	669742	669897	156	1
 707	+	669894	670418	525	1
 708	-	670415	671236	822	1
 709	-	671290	671694	405	1
 710	-	671745	672830	1086	1
 711	-	672823	674046	1224	1
 712	-	674043	675563	1521	1
 713	-	675588	676637	1050	1
 714	-	676740	678122	1383	1
 715	-	678168	678647	480	1
 716	+	678821	678967	147	1
 717	+	678960	680630	1671	1
 718	+	680620	681141	522	1
 719	+	681211	681483	273	1
 720	+	681467	682918	1452	1
 721	-	682888	683988	1101	1
 722	+	684102	685337	1236	1
 723	-	685343	687640	2298	1
 724	-	687630	688244	615	1
 725	+	688360	689049	690	1
 726	-	689018	691084	2067	1
 727	-	691084	692217	1134	1
 728	-	692210	693823	1614	1
 729	-	693826	694977	1152	1
 730	-	695074	696222	1149	1
 731	-	696291	697010	720	1
 732	-	697007	698542	1536	1
 733	+	698659	699675	1017	1
 734	+	699753	700904	1152	1
 735	+	700901	701293	393	1
 736	-	701310	702410	1101	1
 737	-	702537	702710	174	1
 738	-	702765	703406	642	1
 739	-	703546	704331	786	1
 740	+	704427	705869	1443	1
 741	-	705882	706682	801	1
 742	+	706932	709034	2103	1
 743	+	709031	710095	1065	1
 744	-	710108	710506	399	1
 745	+	710594	710941	348	1
 746	+	711010	711291	282	1
 747	-	711293	712264	972	1
 748	-	712309	714054	1746	1
 749	-	714061	715950	1890	1
 750	-	715962	716732	771	1
 751	-	716729	717184	456	1
 752	-	717185	717622	438	1
 753	-	717606	719120	1515	1
 754	-	719225	719695	471	1
 755	-	719692	721602	1911	1
 756	-	721658	721897	240	1
 757	+	722062	722643	582	1
 758	+	722655	723245	591	1
 759	+	723257	723838	582	1
 760	+	723908	725128	1221	1
 761	+	725272	726144	873	1
 762	-	726173	726967	795	1
 763	-	727103	727909	807	1
 764	-	727906	728373	468	1
 765	-	728370	729509	1140	1
 766	-	729511	730089	579	1
 767	-	730101	732107	2007	1
 768	-	732109	733152	1044	1
 769	-	733149	733511	363	1
 770	-	733558	734097	540	1
 771	-	734159	734752	594	1
 772	+	734869	735774	906	1
 773	+	735911	737026	1116	1
 774	+	737106	737396	291	1
 775	-	737414	738868	1455	1
 776	+	739655	741661	2007	2
 777	+	741757	742923	1167	1
 778	-	743560	743763	204	2
 779	+	743933	744460	528	2
 780	+	744711	745877	1167	1
 781	+	746897	747442	546	2
 782	-	747510	748532	1023	2
 783	+	749061	749234	174	2
 784	-	749726	750166	441	2
 785	-	750460	751170	711	2
 786	+	751516	752328	813	2
 787	-	752372	752653	282	2
 788	+	752885	753073	189	1
 789	+	753202	755007	1806	1
 790	+	755129	757132	2004	1
 791	-	757139	758149	1011	1
 792	-	758295	758537	243	1
 793	+	758915	759115	201	1
 794	+	759123	759332	210	1
 795	-	759475	760974	1500	1
 796	+	761485	762402	918	1
 797	+	762485	762709	225	1
 798	-	762714	762926	213	1
 799	+	763443	764066	624	2
 800	+	764070	764183	114	2
 801	-	764201	764752	552	2
 802	+	765349	765939	591	1
 803	+	765951	766535	585	1
 804	+	766725	767492	768	1
 805	+	767549	767794	246	1
 806	-	767791	769062	1272	1
 807	+	769099	770442	1344	1
 808	-	770435	770809	375	1
 809	-	770846	771949	1104	1
 810	+	772040	774037	1998	1
 811	+	774034	774885	852	1
 812	+	774923	775684	762	1
 813	+	775689	776705	1017	1
 814	+	776702	777109	408	1
 815	+	777106	777951	846	1
 816	+	777961	778515	555	1
 817	-	778519	779163	645	1
 818	-	779210	779749	540	1
 819	-	779792	780391	600	1
 820	-	780388	780897	510	1
 821	-	780894	781994	1101	1
 822	+	782092	782520	429	1
 823	-	782588	784177	1590	1
 824	-	784174	784692	519	1
 825	-	784749	785492	744	1
 826	+	785596	786318	723	1
 827	+	786472	787014	543	2
 828	+	787281	787676	396	1
 829	+	787766	788218	453	1
 830	-	788232	788378	147	1
 831	+	788455	788748	294	1
 832	-	788762	790042	1281	1
 833	-	790115	790465	351	1
 834	+	790672	791358	687	1
 835	-	791372	792289	918	1
 836	+	792404	793831	1428	1
 837	+	793924	794646	723	1
 838	+	794710	795690	981	2
 839	-	795715	797073	1359	1
 840	+	797297	798415	1119	2
 841	-	798488	799684	1197	2
 842	+	799914	800699	786	2
 843	+	800820	801719	900	2
 844	-	801734	802750	1017	2
 845	-	803141	804481	1341	1
 846	+	804610	805371	762	2
 847	+	805409	806269	861	1
 848	-	806259	807197	939	1
 849	+	807306	810569	3264	1
 850	+	810572	811513	942	1
 851	-	811534	812745	1212	1
 852	-	812830	813186	357	1
 853	-	813234	814715	1482	1
 854	-	814708	815703	996	1
 855	-	815700	816635	936	1
 856	-	816692	818326	1635	1
 857	-	818498	819412	915	1
 858	-	819485	821239	1755	1
 859	-	821236	822561	1326	1
 860	-	822607	823203	597	1
 861	+	823366	823584	219	1
 862	+	823640	823918	279	1
 863	+	823999	825942	1944	1
 864	-	825961	826263	303	1
 865	+	826470	827792	1323	1
 866	+	827843	828046	204	1
 867	+	828088	828648	561	1
 868	-	828655	829755	1101	1
 869	-	829755	830633	879	1
 870	+	830745	831908	1164	1
 871	-	831916	832215	300	1
 872	-	832212	832556	345	1
 873	+	832746	834230	1485	1
 874	+	834289	835125	837	1
 875	+	835118	835669	552	1
 876	-	835679	836923	1245	1
 877	-	837044	837388	345	1
 878	-	837394	838452	1059	1
 879	-	838454	839092	639	1
 880	-	839293	839784	492	1
 881	-	839855	840061	207	1
 882	+	840162	841274	1113	1
 883	+	841278	841688	411	1
 884	+	841738	842523	786	1
 885	+	842639	843013	375	1
 886	-	843015	843797	783	1
 887	+	843885	844868	984	1
 888	+	845130	845354	225	1
 889	-	845407	845883	477	1
 890	+	846002	847150	1149	1
 891	-	847143	847571	429	1
 892	-	847708	848646	939	1
 893	-	848649	850535	1887	1
 894	-	850676	850900	225	1
 895	-	850897	851928	1032	1
 896	+	852264	852779	516	1
 897	+	852779	853291	513	1
 898	+	853298	853681	384	1
 899	+	853685	854431	747	1
 900	+	854683	855036	354	1
 901	+	855033	855470	438	1
 902	+	855515	855862	348	1
 903	+	855875	856075	201	1
 904	+	856078	856260	183	1
 905	+	856262	857458	1197	1
 906	+	857455	858204	750	1
 907	-	858271	859086	816	1
 908	+	859199	860191	993	1
 909	+	860188	860925	738	1
 910	+	861144	862490	1347	1
 911	+	862490	863533	1044	1
 912	+	863615	863833	219	1
 913	+	863949	865709	1761	1
 914	-	865723	866196	474	1
 915	-	866222	868453	2232	1
 916	+	868656	869018	363	1
 917	+	869025	869249	225	1
 918	+	869249	869437	189	1
 919	+	869434	869919	486	1
 920	-	869967	870914	948	1
 921	-	870971	871546	576	1
 922	-	871539	872615	1077	1
 923	-	872612	873460	849	1
 924	-	873498	874091	594	1
 925	-	874133	874492	360	1
 926	-	874492	874791	300	1
 927	-	874922	875074	153	1
 928	+	875184	876365	1182	1
 929	-	876435	876701	267	1
 930	-	876704	876877	174	2
 931	-	876956	878782	1827	1
 932	+	878900	879733	834	1
 933	+	879730	880362	633	1
 934	-	880376	880606	231	1
 935	-	880606	881196	591	1
 936	+	881315	881848	534	1
 937	+	881901	882515	615	1
 938	+	882592	883080	489	1
 939	-	883114	884319	1206	1
 940	-	884316	884567	252	1
 941	+	884692	885780	1089	1
 942	+	885912	887051	1140	1
 943	+	887058	887675	618	1
 944	-	887696	888151	456	1
 945	-	888244	888846	603	1
 946	+	888985	890130	1146	1
 947	-	890143	891387	1245	1
 948	-	891511	891720	210	1
 949	-	891757	892110	354	1
 950	-	892149	892613	465	1
 951	-	892692	894068	1377	1
 952	+	894205	894411	207	1
 953	-	894427	895062	636	1
 954	-	895065	895763	699	1
 955	-	895807	897057	1251	1
 956	-	897162	898457	1296	1
 957	-	898523	898963	441	1
 958	-	899016	899648	633	1
 959	+	899732	901498	1767	1
 960	+	901498	902418	921	1
 961	+	902415	903668	1254	1
 962	+	903665	905242	1578	1
 963	+	905558	906310	753	1
 964	+	906968	908098	1131	2
 965	-	908382	908864	483	1
 966	-	908861	910057	1197	1
 967	-	910160	910768	609	1
 968	+	910908	911585	678	1
 969	-	911643	911966	324	1
 970	+	912658	913851	1194	1
 971	-	914004	914765	762	1
 972	+	914854	915054	201	1
 973	-	915068	915700	633	1
 974	+	915875	916081	207	1
 975	-	916116	917300	1185	1
 976	-	917549	918841	1293	1
 977	+	918963	920138	1176	1
 978	-	920154	921536	1383	1
 979	+	921632	922369	738	1
 980	+	922359	923750	1392	1
 981	+	923810	924292	483	1
 982	+	924400	924864	465	1
 983	+	924851	927037	2187	1
 984	+	927113	927889	777	1
 985	-	927896	928096	201	1
 986	-	928132	928398	267	1
 987	-	928395	929249	855	1
 988	+	929337	929765	429	1
 989	-	929766	929900	135	1
 990	-	929923	930582	660	1
 991	-	930585	931655	1071	1
 992	-	931656	932663	1008	1
 993	-	932831	935671	2841	1
 994	-	935732	936475	744	1
 995	-	936475	937872	1398	1
 996	-	937869	939140	1272	1
 997	+	939246	939908	663	1
 998	-	939916	940200	285	1
 999	-	940249	941337	1089	1
 1000	+	941451	941735	285	1
 1001	+	941880	942062	183	1
 1002	-	942067	942465	399	1
 1003	+	942607	942849	243	1
 1004	-	942925	943308	384	1
 1005	+	943393	944298	906	1
 1006	+	944363	945256	894	1
 1007	-	945504	946304	801	2
 1008	+	946744	947244	501	2
 1009	+	947435	948871	1437	1
 1010	+	948864	949355	492	1
 1011	-	949365	950672	1308	1
 1012	-	950721	951446	726	1
 1013	-	951507	952001	495	1
 1014	-	951998	952600	603	1
 1015	-	952584	953282	699	1
 1016	-	953395	954063	669	1
 1017	-	954108	954308	201	1
 1018	-	954308	955921	1614	1
 1019	-	955998	956759	762	1
 1020	-	956824	957246	423	1
 1021	-	957283	957498	216	1
 1022	-	957551	958378	828	1
 1023	-	958419	958532	114	1
 1024	-	958612	959523	912	1
 1025	-	959584	959775	192	1
 1026	+	959888	960499	612	1
 1027	+	960566	961792	1227	1
 1028	+	961869	963047	1179	1
 1029	+	963044	963496	453	1
 1030	-	963510	964493	984	1
 1031	+	964607	964972	366	1
 1032	-	964962	967127	2166	1
 1033	+	967262	968554	1293	1
 1034	-	968548	970395	1848	1
 1035	-	970402	971280	879	1
 1036	-	971287	971649	363	1
 1037	-	971651	972043	393	1
 1038	-	972190	972765	576	1
 1039	+	972907	974886	1980	1
 1040	+	975186	975407	222	1
 1041	+	975394	975807	414	1
 1042	+	976217	976558	342	1
 1043	-	976573	978258	1686	1
 1044	-	978572	979360	789	1
 1045	+	979506	980624	1119	1
 1046	+	980621	983068	2448	1
 1047	-	983080	983514	435	1
 1048	-	984063	984806	744	1
 1049	+	984892	985230	339	1
 1050	+	985284	985862	579	1
 1051	-	985870	986139	270	1
 1052	+	986227	986688	462	1
 1053	-	986717	987319	603	1
 1054	-	987384	988829	1446	1
 1055	-	988870	989325	456	1
 1056	+	989433	990785	1353	1
 1057	+	990861	992426	1566	1
 1058	-	992442	993242	801	1
 1059	+	993346	994113	768	1
 1060	+	994110	995126	1017	1
 1061	-	995143	995820	678	1
 1062	-	995952	997070	1119	1
 1063	+	997161	997730	570	1
 1064	+	997723	998448	726	1
 1065	-	998452	998913	462	1
 1066	-	998967	999908	942	1
 1067	+	1000051	1000536	486	1
 1068	-	1000544	1002412	1869	1
 1069	-	1002449	1003993	1545	1
 1070	-	1003990	1004469	480	1
 1071	-	1004514	1005926	1413	1
 1072	-	1006130	1006378	249	1
 1073	-	1006427	1007410	984	1
 1074	-	1007459	1008040	582	1
 1075	+	1008130	1008531	402	1
 1076	+	1008603	1009601	999	1
 1077	-	1009602	1010558	957	1
 1078	-	1010614	1010841	228	1
 1079	-	1010841	1011119	279	1
 1080	-	1011159	1012268	1110	1
 1081	+	1012328	1013437	1110	1
 1082	+	1013434	1014630	1197	1
 1083	+	1014680	1016110	1431	1
 1084	+	1016247	1018010	1764	1
 1085	+	1018013	1019659	1647	1
 1086	-	1019714	1019878	165	1
 1087	-	1020080	1020529	450	1
 1088	-	1020566	1021366	801	1
 1089	+	1021705	1022328	624	1
 1090	+	1022369	1023376	1008	1
 1091	+	1023419	1023853	435	1
 1092	+	1023905	1026307	2403	1
 1093	+	1026347	1026538	192	1
 1094	+	1026535	1027053	519	1
 1095	-	1027050	1027628	579	1
 1096	-	1027625	1028404	780	1
 1097	-	1028406	1029218	813	1
 1098	+	1029527	1029838	312	1
 1099	-	1029840	1030328	489	1
 1100	-	1030368	1030865	498	1
 1101	-	1030927	1032372	1446	1
 1102	-	1032442	1033524	1083	1
 1103	-	1033585	1034028	444	1
 1104	-	1034095	1034577	483	1
 1105	-	1034621	1035067	447	1
 1106	-	1035093	1035488	396	1
 1107	-	1035652	1036026	375	1
 1108	+	1036186	1036587	402	1
 1109	+	1036871	1038673	1803	1
 1110	+	1038746	1039144	399	1
 1111	-	1039192	1041240	2049	1
 1112	+	1041390	1042532	1143	1
 1113	-	1042543	1044297	1755	1
 1114	-	1044371	1045189	819	1
 1115	-	1045267	1046982	1716	1
 1116	+	1047096	1048343	1248	1
 1117	+	1048516	1049409	894	1
 1118	-	1049444	1050148	705	1
 1119	+	1050242	1051540	1299	1
 1120	+	1051708	1052163	456	1
 1121	+	1052194	1053105	912	1
 1122	+	1053164	1053310	147	1
 1123	-	1053521	1053817	297	1
 1124	+	1053958	1054236	279	1
 1125	+	1054240	1054482	243	1
 1126	-	1054479	1055627	1149	1
 1127	+	1055719	1056729	1011	1
 1128	+	1056731	1057462	732	1
 1129	+	1057593	1058585	993	1
 1130	+	1058671	1058850	180	1
 1131	+	1058897	1059928	1032	1
 1132	-	1060195	1061142	948	1
 1133	+	1061243	1061494	252	1
 1134	-	1061833	1062183	351	1
 1135	-	1062232	1063524	1293	1
 1136	+	1063612	1064889	1278	1
 1137	-	1065028	1065234	207	1
 1138	-	1065285	1066199	915	1
 1139	-	1066272	1066511	240	1
 1140	+	1066603	1067952	1350	1
 1141	+	1068021	1069079	1059	1
 1142	-	1069088	1069954	867	1
 1143	+	1070047	1070439	393	1
 1144	-	1070440	1071942	1503	1
 1145	-	1071981	1073027	1047	1
 1146	-	1073065	1073538	474	1
 1147	+	1073669	1074157	489	1
 1148	-	1074159	1075127	969	1
 1149	-	1075238	1075606	369	1
 1150	-	1075674	1075841	168	1
 1151	-	1075886	1077961	2076	1
 1152	+	1078152	1078580	429	1
 1153	-	1078614	1080638	2025	1
 1154	-	1080635	1081714	1080	1
 1155	+	1081815	1081997	183	1
 1156	+	1082337	1083029	693	1
 1157	+	1083081	1083350	270	1
 1158	+	1083580	1084755	1176	1
 1159	+	1084752	1085576	825	1
 1160	-	1085670	1087949	2280	1
 1161	-	1087946	1088194	249	1
 1162	+	1088336	1089133	798	1
 1163	+	1089498	1091060	1563	1
 1164	+	1091081	1093321	2241	1
 1165	-	1093323	1094147	825	1
 1166	+	1094237	1094470	234	1
 1167	-	1094474	1094992	519	1
 1168	+	1095146	1095661	516	1
 1169	-	1095671	1096768	1098	1
 1170	-	1096860	1097363	504	1
 1171	+	1097450	1098718	1269	1
 1172	+	1098798	1098959	162	1
 1173	+	1099055	1099513	459	1
 1174	+	1099567	1100214	648	1
 1175	+	1100274	1100678	405	1
 1176	+	1101056	1101619	564	1
 1177	-	1101678	1103123	1446	1
 1178	-	1103356	1103532	177	1
 1179	-	1103529	1103711	183	1
 1180	-	1103768	1104829	1062	1
 1181	+	1104914	1105135	222	1
 1182	+	1105184	1106137	954	1
 1183	-	1106138	1106692	555	1
 1184	+	1106793	1109429	2637	1
 1185	+	1109479	1110222	744	1
 1186	-	1110219	1111688	1470	1
 1187	-	1111749	1112822	1074	1
 1188	-	1112882	1114993	2112	1
 1189	-	1115071	1116720	1650	1
 1190	-	1116768	1118816	2049	1
 1191	-	1118868	1119131	264	1
 1192	-	1119155	1119763	609	1
 1193	-	1119767	1120354	588	1
 1194	+	1120461	1120901	441	1
 1195	-	1120918	1121127	210	1
 1196	-	1121204	1122142	939	1
 1197	+	1122239	1122562	324	1
 1198	+	1122628	1124559	1932	1
 1199	-	1124563	1125939	1377	1
 1200	-	1126072	1127376	1305	1
 1201	+	1127639	1128982	1344	1
 1202	+	1129122	1130555	1434	1
 1203	+	1130624	1132174	1551	1
 1204	+	1132174	1132431	258	1
 1205	+	1132542	1134374	1833	1
 1206	+	1134509	1136653	2145	1
 1207	-	1136702	1136839	138	2
 1208	+	1137012	1137959	948	1
 1209	-	1137966	1138409	444	1
 1210	-	1138461	1139690	1230	1
 1211	+	1139793	1140638	846	1
 1212	-	1140673	1141383	711	1
 1213	+	1141501	1142649	1149	1
 1214	+	1142646	1143515	870	1
 1215	+	1143570	1144616	1047	1
 1216	-	1144626	1146923	2298	1
 1217	-	1147437	1147979	543	1
 1218	-	1147976	1148215	240	1
 1219	-	1148267	1148986	720	1
 1220	-	1149071	1149883	813	1
 1221	+	1150022	1150585	564	1
 1222	+	1150582	1151286	705	1
 1223	+	1151279	1152145	867	1
 1224	+	1152142	1153119	978	1
 1225	+	1153116	1153946	831	1
 1226	+	1153946	1154953	1008	1
 1227	+	1154953	1155201	249	1
 1228	+	1155198	1155896	699	1
 1229	+	1155893	1157116	1224	1
 1230	+	1157113	1157484	372	1
 1231	+	1157462	1158685	1224	1
 1232	-	1158714	1160786	2073	1
 1233	+	1160821	1164720	3900	1
 1234	+	1164710	1165423	714	1
 1235	+	1165420	1166172	753	1
 1236	-	1166169	1166939	771	1
 1237	+	1167084	1168085	1002	1
 1238	+	1168072	1169397	1326	1
 1239	+	1169394	1170071	678	1
 1240	+	1170073	1171611	1539	1
 1241	+	1171650	1172267	618	1
 1242	+	1172264	1173190	927	1
 1243	+	1173187	1173930	744	1
 1244	+	1173918	1174499	582	1
 1245	+	1174517	1175527	1011	1
 1246	+	1175520	1176215	696	1
 1247	-	1176282	1178078	1797	2
 1248	-	1178404	1178766	363	2
 1249	+	1179175	1179588	414	2
 1250	-	1180061	1180330	270	2
 1251	+	1180612	1180785	174	1
 1252	-	1180803	1181612	810	1
 1253	-	1181609	1182538	930	1
 1254	+	1182599	1183030	432	1
 1255	-	1183041	1184462	1422	1
 1256	-	1184462	1185787	1326	1
 1257	-	1186070	1186444	375	1
 1258	-	1186441	1187532	1092	1
 1259	-	1187679	1188269	591	1
 1260	+	1188392	1188850	459	1
 1261	-	1188874	1189581	708	1
 1262	+	1189709	1190554	846	1
 1263	+	1190628	1191215	588	1
 1264	+	1191265	1193265	2001	1
 1265	+	1193335	1194672	1338	1
 1266	-	1194674	1195258	585	1
 1267	-	1195321	1196034	714	1
 1268	+	1196129	1196617	489	1
 1269	-	1196614	1197186	573	1
 1270	-	1197235	1197690	456	1
 1271	+	1197779	1199194	1416	1
 1272	-	1199191	1200024	834	1
 1273	+	1200155	1202407	2253	1
 1274	-	1202415	1203038	624	1
 1275	+	1203157	1204065	909	1
 1276	-	1204078	1205052	975	1
 1277	-	1205108	1205341	234	1
 1278	-	1205541	1206212	672	1
 1279	-	1206324	1207052	729	1
 1280	-	1207056	1207346	291	1
 1281	-	1207343	1208005	663	1
 1282	+	1208391	1209092	702	1
 1283	+	1209410	1210540	1131	1
 1284	-	1210524	1210904	381	1
 1285	+	1211000	1211626	627	1
 1286	-	1211623	1211745	123	1
 1287	-	1211809	1214964	3156	1
 1288	+	1215298	1215483	186	1
 1289	-	1215489	1216085	597	1
 1290	-	1216082	1217665	1584	1
 1291	-	1217662	1218318	657	1
 1292	-	1218315	1219325	1011	1
 1293	+	1220229	1220471	243	2
 1294	-	1220675	1221916	1242	2
 1295	-	1221879	1223063	1185	2
 1296	-	1223715	1224071	357	1
 1297	-	1224068	1225069	1002	1
 1298	+	1225199	1225642	444	1
 1299	-	1225644	1226075	432	1
 1300	+	1226324	1227934	1611	1
 1301	+	1227934	1228653	720	1
 1302	+	1228755	1229897	1143	1
 1303	+	1229950	1230141	192	1
 1304	-	1230149	1230859	711	1
 1305	-	1230960	1231727	768	1
 1306	+	1231909	1234137	2229	1
 1307	-	1234221	1234595	375	1
 1308	+	1234682	1235137	456	1
 1309	+	1235127	1235510	384	1
 1310	+	1235606	1236409	804	1
 1311	-	1236410	1236571	162	1
 1312	+	1236648	1237133	486	1
 1313	+	1237163	1237774	612	1
 1314	+	1237849	1239471	1623	1
 1315	+	1239506	1239874	369	1
 1316	-	1239880	1240371	492	1
 1317	+	1240520	1241488	969	1
 1318	-	1241496	1242335	840	1
 1319	-	1242328	1243155	828	1
 1320	-	1243162	1244700	1539	1
 1321	-	1244747	1245682	936	1
 1322	-	1245742	1246995	1254	1
 1323	+	1247417	1248268	852	1
 1324	+	1248273	1249280	1008	1
 1325	+	1249284	1250036	753	1
 1326	+	1250033	1250287	255	1
 1327	+	1250290	1251012	723	1
 1328	+	1251016	1251438	423	1
 1329	+	1251442	1251912	471	1
 1330	+	1251912	1252820	909	1
 1331	+	1252820	1253035	216	1
 1332	+	1253044	1253415	372	2
 1333	+	1253526	1253735	210	1
 1334	+	1253735	1254133	399	1
 1335	+	1254138	1254494	357	1
 1336	+	1254491	1255192	702	1
 1337	+	1255189	1255716	528	1
 1338	+	1255713	1255871	159	1
 1339	+	1255874	1256266	393	1
 1340	+	1256270	1256806	537	1
 1341	+	1256810	1257529	720	1
 1342	+	1257522	1257971	450	1
 1343	+	1257971	1258522	552	1
 1344	+	1258526	1259164	639	1
 1345	+	1259164	1259628	465	1
 1346	+	1259634	1260095	462	1
 1347	+	1260099	1261574	1476	1
 1348	+	1261650	1262813	1164	1
 1349	+	1262820	1263014	195	1
 1350	-	1263011	1264687	1677	1
 1351	-	1264790	1265200	411	1
 1352	+	1265289	1265939	651	1
 1353	+	1266003	1266875	873	1
 1354	+	1266931	1267509	579	1
 1355	+	1267511	1268416	906	1
 1356	-	1269023	1270777	1755	2
 1357	-	1270983	1272593	1611	1
 1358	-	1272590	1272925	336	1
 1359	+	1273077	1273862	786	1
 1360	+	1273919	1274890	972	1
 1361	+	1274916	1275755	840	1
 1362	+	1275800	1276777	978	1
 1363	+	1276774	1277199	426	1
 1364	+	1277207	1277521	315	1
 1365	-	1277563	1278423	861	1
 1366	+	1278505	1279194	690	1
 1367	-	1279195	1279869	675	1
 1368	+	1279991	1281181	1191	1
 1369	-	1281195	1282148	954	1
 1370	-	1282202	1282633	432	1
 1371	-	1282697	1284085	1389	1
 1372	-	1284088	1285644	1557	1
 1373	+	1285745	1286029	285	1
 1374	+	1286236	1286523	288	1
 1375	+	1286520	1288157	1638	1
 1376	-	1288173	1290605	2433	1
 1377	-	1290610	1291614	1005	1
 1378	-	1293408	1294121	714	1
 1379	-	1294123	1296417	2295	1
 1380	-	1296507	1297268	762	1
 1381	-	1297296	1298114	819	1
 1382	-	1298118	1298501	384	1
 1383	-	1298603	1299379	777	1
 1384	-	1299427	1301133	1707	1
 1385	-	1301173	1301523	351	1
 1386	-	1301597	1302253	657	1
 1387	-	1302307	1302582	276	1
 1388	-	1302646	1303956	1311	1
 1389	-	1303953	1304615	663	1
 1390	-	1304623	1305675	1053	1
 1391	-	1305739	1306155	417	1
 1392	+	1306292	1307200	909	1
 1393	-	1307220	1307828	609	1
 1394	+	1307917	1309239	1323	1
 1395	-	1309241	1310461	1221	1
 1396	+	1310592	1310804	213	1
 1397	+	1310801	1312291	1491	1
 1398	-	1312293	1312571	279	1
 1399	+	1312570	1313538	969	1
 1400	+	1313590	1314495	906	1
 1401	+	1314535	1314894	360	1
 1402	-	1314896	1315579	684	1
 1403	+	1315778	1316686	909	1
 1404	-	1316696	1318780	2085	1
 1405	-	1318992	1319897	906	1
 1406	+	1320018	1321334	1317	1
 1407	+	1321407	1321724	318	1
 1408	-	1321750	1321977	228	1
 1409	-	1322097	1322669	573	1
 1410	-	1322725	1322916	192	1
 1411	-	1323055	1323570	516	1
 1412	-	1323567	1324388	822	1
 1413	+	1324701	1325954	1254	1
 1414	+	1326082	1326315	234	1
 1415	+	1326381	1326800	420	1
 1416	+	1326858	1327406	549	1
 1417	-	1327444	1328748	1305	1
 1418	+	1329039	1332167	3129	1
 1419	-	1332238	1333299	1062	1
 1420	+	1333397	1333810	414	1
 1421	+	1333850	1334479	630	1
 1422	+	1334527	1334937	411	1
 1423	-	1334990	1335223	234	1
 1424	-	1335223	1336266	1044	1
 1425	+	1336357	1336974	618	1
 1426	+	1336971	1337678	708	1
 1427	+	1337731	1337958	228	1
 1428	-	1337997	1338317	321	1
 1429	-	1338370	1339287	918	1
 1430	-	1339287	1340948	1662	1
 1431	-	1341038	1341814	777	2
 1432	-	1342067	1342684	618	1
 1433	+	1342776	1343321	546	1
 1434	-	1343352	1345274	1923	1
 1435	+	1345483	1345692	210	1
 1436	-	1345822	1346853	1032	1
 1437	-	1346850	1347863	1014	1
 1438	+	1347984	1348181	198	1
 1439	-	1348189	1349070	882	1
 1440	-	1349115	1349453	339	1
 1441	+	1349566	1350222	657	1
 1442	+	1350258	1351541	1284	1
 1443	+	1351529	1352470	942	1
 1444	-	1352471	1353202	732	1
 1445	-	1353202	1353477	276	1
 1446	+	1353574	1354740	1167	1
 1447	-	1354750	1356216	1467	1
 1448	-	1356276	1357052	777	1
 1449	-	1357101	1357988	888	1
 1450	-	1358013	1358846	834	1
 1451	-	1358890	1359834	945	1
 1452	-	1359877	1362294	2418	1
 1453	-	1362291	1363532	1242	1
 1454	+	1363630	1364268	639	1
 1455	+	1364327	1365625	1299	1
 1456	-	1365644	1366543	900	1
 1457	-	1366584	1367129	546	1
 1458	+	1367250	1367450	201	1
 1459	-	1367488	1368378	891	1
 1460	-	1368427	1369242	816	1
 1461	-	1369242	1370135	894	1
 1462	-	1370137	1371315	1179	1
 1463	+	1371458	1372582	1125	1
 1464	-	1372589	1373473	885	1
 1465	+	1373572	1374840	1269	1
 1466	+	1374925	1375449	525	1
 1467	-	1375456	1376673	1218	1
 1468	+	1376769	1377086	318	1
 1469	+	1377083	1378231	1149	1
 1470	+	1378282	1379802	1521	1
 1471	+	1379924	1381048	1125	1
 1472	+	1381051	1382580	1530	1
 1473	+	1382567	1383373	807	1
 1474	-	1383374	1384165	792	1
 1475	+	1384268	1384606	339	1
 1476	-	1384609	1386135	1527	1
 1477	-	1386253	1386507	255	1
 1478	-	1386614	1387060	447	2
 1479	+	1387381	1387626	246	2
 1480	+	1387950	1389188	1239	1
 1481	+	1389232	1389981	750	1
 1482	+	1389982	1391589	1608	1
 1483	-	1391597	1391944	348	1
 1484	+	1392047	1393846	1800	1
 1485	+	1393895	1394320	426	1
 1486	-	1394358	1395557	1200	1
 1487	+	1395680	1396528	849	1
 1488	+	1396577	1397512	936	1
 1489	-	1397560	1398420	861	1
 1490	-	1398526	1399326	801	1
 1491	-	1399414	1399515	102	1
 1492	-	1399617	1401197	1581	1
 1493	+	1401298	1401855	558	1
 1494	+	1402195	1402515	321	1
 1495	+	1402753	1402959	207	1
 1496	+	1402991	1403257	267	1
 1497	-	1403267	1404304	1038	1
 1498	+	1404415	1405473	1059	1
 1499	+	1405541	1406083	543	1
 1500	+	1406130	1406471	342	1
 1501	+	1406702	1407055	354	1
 1502	-	1407058	1407819	762	1
 1503	-	1407870	1408229	360	1
 1504	-	1408226	1408612	387	1
 1505	+	1408706	1409182	477	1
 1506	-	1409198	1409425	228	1
 1507	-	1409426	1410103	678	1
 1508	+	1410193	1410432	240	1
 1509	-	1410451	1411497	1047	1
 1510	+	1411563	1411889	327	1
 1511	-	1411900	1412499	600	1
 1512	+	1412598	1413485	888	1
 1513	+	1413643	1414827	1185	1
 1514	+	1414850	1415599	750	1
 1515	+	1415596	1416228	633	1
 1516	+	1416285	1417388	1104	1
 1517	-	1417395	1418756	1362	1
 1518	+	1418904	1419920	1017	1
 1519	+	1419868	1420311	444	1
 1520	+	1420391	1421470	1080	1
 1521	-	1421477	1421815	339	1
 1522	-	1421861	1422028	168	1
 1523	-	1422082	1422756	675	1
 1524	-	1422753	1423007	255	1
 1525	+	1423133	1424044	912	1
 1526	+	1424129	1425043	915	1
 1527	-	1425049	1425480	432	1
 1528	-	1425550	1427307	1758	1
 1529	-	1427378	1428139	762	1
 1530	-	1428169	1432260	4092	1
 1531	-	1432467	1432748	282	1
 1532	-	1432924	1433211	288	1
 1533	-	1433366	1435123	1758	1
 1534	-	1435187	1436662	1476	1
 1535	-	1436709	1436879	171	1
 1536	-	1436911	1437453	543	1
 1537	-	1437500	1438039	540	1
 1538	-	1438101	1439273	1173	1
 1539	-	1439350	1440399	1050	1
 1540	-	1440402	1441934	1533	1
 1541	+	1442155	1443867	1713	1
 1542	+	1443857	1445140	1284	1
 1543	+	1445133	1446530	1398	1
 1544	-	1446575	1447054	480	1
 1545	+	1447279	1447800	522	1
 1546	+	1447956	1448189	234	2
 1547	+	1448270	1449181	912	2
 1548	+	1449195	1449614	420	2
 1549	-	1450533	1451123	591	1
 1550	-	1451341	1452564	1224	1
 1551	+	1452746	1454023	1278	1
 1552	+	1454025	1454663	639	1
 1553	-	1454660	1456270	1611	1
 1554	+	1456401	1457153	753	1
 1555	-	1457161	1458690	1530	1
 1556	-	1458687	1459541	855	1
 1557	-	1459674	1460147	474	1
 1558	-	1460195	1460737	543	1
 1559	+	1460843	1462123	1281	1
 1560	+	1462132	1463181	1050	1
 1561	-	1463183	1463644	462	1
 1562	-	1463644	1463883	240	1
 1563	+	1464098	1465900	1803	1
 1564	-	1465977	1466342	366	1
 1565	-	1466394	1466876	483	1
 1566	-	1466909	1468144	1236	1
 1567	-	1468240	1470033	1794	1
 1568	+	1470137	1471462	1326	1
 1569	-	1471459	1472259	801	1
 1570	-	1472264	1473562	1299	1
 1571	-	1473614	1474204	591	1
 1572	-	1474208	1474561	354	1
 1573	-	1474664	1475119	456	1
 1574	+	1475271	1476137	867	1
 1575	-	1476134	1477246	1113	1
 1576	-	1477330	1477581	252	1
 1577	+	1477964	1478689	726	1
 1578	+	1478694	1480340	1647	1
 1579	+	1480420	1482222	1803	1
 1580	-	1482219	1482749	531	1
 1581	+	1482860	1484338	1479	1
 1582	-	1484400	1484570	171	1
 1583	-	1484608	1485666	1059	1
 1584	+	1485755	1485931	177	1
 1585	+	1486006	1486920	915	1
 1586	+	1486947	1487192	246	1
 1587	+	1487189	1487902	714	1
 1588	-	1487943	1488335	393	1
 1589	+	1488645	1489451	807	1
 1590	-	1489448	1490122	675	1
 1591	+	1490182	1490847	666	1
 1592	+	1491103	1491339	237	1
 1593	-	1491336	1491935	600	1
 1594	-	1491932	1493452	1521	1
 1595	+	1493833	1494573	741	1
 1596	+	1494570	1494665	96	1
 1597	+	1494655	1495128	474	1
 1598	-	1495143	1495697	555	1
 1599	-	1495738	1496019	282	1
 1600	-	1496068	1497666	1599	1
 1601	-	1497675	1497809	135	1
 1602	-	1497811	1498119	309	1
 1603	-	1498175	1498708	534	1
 1604	-	1498714	1498911	198	1
 1605	-	1498912	1499484	573	1
 1606	-	1499488	1499871	384	1
 1607	-	1499876	1501120	1245	1
 1608	+	1501243	1502223	981	1
 1609	-	1502229	1503050	822	1
 1610	-	1503047	1504363	1317	1
 1611	-	1504433	1506148	1716	1
 1612	+	1506278	1507420	1143	1
 1613	+	1507491	1508264	774	1
 1614	+	1508257	1508727	471	1
 1615	-	1508738	1510603	1866	1
 1616	-	1510696	1512648	1953	1
 1617	-	1512660	1513568	909	1
 1618	+	1513686	1515068	1383	1
 1619	-	1515133	1515462	330	1
 1620	+	1515461	1516042	582	1
 1621	+	1516089	1516232	144	1
 1622	-	1516300	1516743	444	1
 1623	-	1516728	1517264	537	1
 1624	-	1517322	1517939	618	1
 1625	+	1518016	1518201	186	1
 1626	+	1518198	1518746	549	1
 1627	+	1518774	1519385	612	1
 1628	-	1519389	1520384	996	1
 1629	-	1520381	1521223	843	1
 1630	-	1521311	1522273	963	1
 1631	+	1522425	1523081	657	1
 1632	-	1523169	1523522	354	1
 1633	+	1523614	1524729	1116	1
 1634	+	1524745	1525185	441	1
 1635	+	1525182	1526009	828	1
 1636	-	1525991	1527355	1365	1
 1637	+	1527481	1527945	465	1
 1638	-	1528080	1529750	1671	1
 1639	+	1530007	1531212	1206	1
 1640	-	1531389	1531583	195	1
 1641	-	1531587	1531970	384	1
 1642	-	1532021	1533253	1233	1
 1643	+	1533536	1533970	435	1
 1644	-	1534021	1535151	1131	1
 1645	+	1535262	1536518	1257	1
 1646	-	1536515	1536784	270	1
 1647	+	1536870	1537826	957	1
 1648	+	1537872	1538963	1092	1
 1649	-	1538960	1539181	222	1
 1650	-	1539259	1540521	1263	1
 1651	+	1540655	1541617	963	1
 1652	-	1541614	1542738	1125	1
 1653	-	1542804	1543049	246	1
 1654	-	1543115	1544551	1437	1
 1655	-	1544670	1545389	720	1
 1656	-	1545468	1545995	528	1
 1657	-	1546051	1546596	546	1
 1658	+	1546682	1547521	840	1
 1659	+	1547593	1548210	618	1
 1660	-	1548248	1549174	927	1
 1661	+	1549306	1550781	1476	1
 1662	-	1550783	1552531	1749	1
 1663	-	1552608	1553276	669	1
 1664	-	1553263	1553964	702	1
 1665	-	1554028	1555005	978	1
 1666	-	1555207	1555314	108	1
 1667	-	1555341	1556258	918	1
 1668	+	1556373	1557623	1251	1
 1669	-	1557641	1558303	663	1
 1670	-	1558380	1558772	393	1
 1671	-	1558787	1559461	675	1
 1672	-	1559518	1560540	1023	1
 1673	-	1560531	1561244	714	1
 1674	-	1561535	1562950	1416	1
 1675	-	1562956	1564713	1758	1
 1676	-	1564719	1565081	363	1
 1677	-	1565078	1566136	1059	1
 1678	-	1566133	1566720	588	1
 1679	-	1566743	1566958	216	1
 1680	-	1567024	1569192	2169	1
 1681	-	1569179	1569511	333	1
 1682	+	1569613	1570242	630	1
 1683	-	1570239	1570700	462	1
 1684	-	1570745	1571980	1236	1
 1685	+	1572084	1573247	1164	1
 1686	+	1573317	1574117	801	1
 1687	+	1574114	1575082	969	1
 1688	-	1575106	1575756	651	1
 1689	+	1575888	1576790	903	1
 1690	-	1576792	1577859	1068	1
 1691	+	1578002	1578997	996	1
 1692	-	1579051	1580772	1722	1
 1693	+	1580893	1581345	453	1
 1694	+	1581394	1582179	786	1
 1695	-	1582190	1583185	996	1
 1696	+	1583361	1584293	933	1
 1697	+	1584295	1584867	573	1
 1698	+	1584912	1585316	405	1
 1699	-	1585329	1585787	459	1
 1700	+	1586137	1586892	756	1
 1701	-	1586889	1587941	1053	1
 1702	-	1587992	1590247	2256	1
 1703	-	1590298	1591470	1173	1
 1704	-	1591527	1592732	1206	1
 1705	+	1592844	1593227	384	1
 1706	-	1593234	1594328	1095	1
 1707	+	1594454	1596508	2055	1
 1708	-	1597203	1597790	588	2
 1709	-	1598617	1598895	279	2
 1710	-	1598935	1599330	396	1
 1711	+	1599440	1599811	372	1
 1712	-	1599808	1601475	1668	1
 1713	+	1601636	1604275	2640	1
 1714	+	1604345	1604683	339	1
 1715	+	1604680	1605477	798	1
 1716	-	1605474	1606337	864	1
 1717	+	1606509	1607039	531	1
 1718	-	1607010	1607759	750	1
 1719	-	1607802	1608230	429	1
 1720	-	1608274	1608492	219	1
 1721	+	1608573	1608803	231	1
 1722	+	1608856	1612068	3213	1
 1723	-	1612079	1612654	576	1
 1724	-	1612676	1614373	1698	1
 1725	-	1614370	1614912	543	1
 1726	-	1614918	1616207	1290	1
 1727	+	1616414	1616605	192	1
 1728	+	1616615	1617430	816	1
 1729	+	1617432	1619837	2406	1
 1730	+	1619834	1620493	660	1
 1731	-	1620504	1621349	846	1
 1732	-	1622172	1623029	858	1
 1733	+	1623111	1623563	453	1
 1734	+	1623560	1624927	1368	1
 1735	-	1624924	1626057	1134	1
 1736	-	1626109	1627650	1542	1
 1737	-	1627647	1628678	1032	1
 1738	-	1628701	1629429	729	1
 1739	-	1629468	1631807	2340	1
 1740	-	1631844	1633253	1410	1
 1741	+	1633373	1634308	936	1
 1742	+	1634534	1635649	1116	1
 1743	+	1635654	1636628	975	1
 1744	+	1636630	1638066	1437	1
 1745	+	1638069	1639493	1425	1
 1746	+	1639543	1640355	813	1
 1747	-	1640359	1643016	2658	1
 1748	-	1643147	1644133	987	1
 1749	-	1644311	1645999	1689	1
 1750	-	1646179	1646730	552	1
 1751	-	1646776	1647606	831	1
 1752	-	1647644	1648987	1344	1
 1753	-	1649068	1650210	1143	1
 1754	-	1650427	1651362	936	1
 1755	-	1651379	1651666	288	1
 1756	+	1651765	1651944	180	1
 1757	-	1652086	1653069	984	1
 1758	-	1653136	1655103	1968	1
 1759	-	1655149	1656075	927	1
 1760	+	1656190	1657194	1005	1
 1761	+	1657226	1657576	351	1
 1762	-	1657577	1658545	969	1
 1763	+	1658660	1659220	561	1
 1764	+	1659227	1659592	366	1
 1765	+	1659654	1660022	369	1
 1766	-	1660025	1660873	849	1
 1767	+	1660962	1661537	576	1
 1768	+	1661534	1662829	1296	1
 1769	+	1662910	1664193	1284	1
 1770	+	1664298	1664723	426	1
 1771	+	1664787	1664990	204	1
 1772	-	1664987	1666069	1083	1
 1773	+	1666155	1666745	591	1
 1774	-	1666815	1667558	744	1
 1775	-	1667637	1668671	1035	1
 1776	+	1668875	1670353	1479	1
 1777	-	1670358	1671143	786	1
 1778	+	1671224	1671643	420	1
 1779	-	1671649	1672218	570	1
 1780	+	1672248	1673090	843	1
 1781	-	1673099	1673791	693	1
 1782	-	1673802	1673993	192	1
 1783	-	1674056	1676230	2175	1
 1784	+	1676321	1677355	1035	1
 1785	+	1677402	1679411	2010	1
 1786	+	1679515	1680639	1125	1
 1787	+	1680684	1681361	678	1
 1788	-	1681423	1681590	168	1
 1789	+	1682030	1682263	234	1
 1790	+	1682325	1683698	1374	1
 1791	-	1683713	1684117	405	1
 1792	-	1684110	1684334	225	1
 1793	+	1684633	1685601	969	1
 1794	-	1685610	1686593	984	1
 1795	+	1686682	1687392	711	1
 1796	+	1687454	1690243	2790	1
 1797	-	1690259	1690648	390	1
 1798	-	1690694	1691638	945	1
 1799	+	1691863	1692312	450	1
 1800	+	1692319	1693749	1431	1
 1801	+	1693749	1695005	1257	1
 1802	+	1695064	1695690	627	1
 1803	+	1695687	1697162	1476	1
 1804	-	1697191	1698486	1296	1
 1805	-	1698694	1699083	390	1
 1806	+	1699226	1699954	729	1
 1807	+	1700006	1700596	591	1
 1808	-	1700625	1701122	498	1
 1809	+	1701249	1701752	504	1
 1810	-	1701749	1702108	360	1
 1811	+	1702145	1702813	669	1
 1812	+	1702864	1703073	210	1
 1813	+	1703087	1703971	885	1
 1814	+	1704035	1706059	2025	1
 1815	-	1706071	1706310	240	1
 1816	-	1706357	1707040	684	1
 1817	+	1707134	1707817	684	1
 1818	+	1707880	1709061	1182	1
 1819	-	1709076	1710422	1347	1
 1820	+	1710556	1710846	291	1
 1821	+	1710846	1711361	516	1
 1822	+	1711448	1712044	597	1
 1823	-	1712045	1712710	666	1
 1824	-	1712752	1713381	630	1
 1825	-	1713378	1714025	648	1
 1826	-	1714092	1714694	603	1
 1827	+	1714801	1715409	609	1
 1828	+	1715409	1716107	699	1
 1829	+	1716104	1716811	708	1
 1830	+	1716877	1719012	2136	1
 1831	-	1719088	1719654	567	1
 1832	+	1719729	1719917	189	1
 1833	+	1720074	1721054	981	1
 1834	+	1721061	1721723	663	1
 1835	+	1721824	1722471	648	1
 1836	+	1722511	1723848	1338	1
 1837	+	1723897	1724415	519	1
 1838	+	1724412	1724939	528	1
 1839	+	1724996	1726186	1191	1
 1840	+	1726188	1726928	741	1
 1841	+	1726925	1727641	717	1
 1842	+	1727680	1729107	1428	1
 1843	-	1729116	1733021	3906	1
 1844	+	1733671	1734012	342	1
 1845	+	1734038	1734388	351	1
 1846	-	1734416	1738528	4113	1
 1847	-	1738528	1738947	420	1
 1848	-	1739006	1739170	165	1
 1849	+	1739313	1739864	552	1
 1850	-	1739879	1740067	189	1
 1851	-	1740123	1740527	405	1
 1852	-	1740536	1741873	1338	1
 1853	-	1741870	1742961	1092	1
 1854	-	1742962	1744542	1581	1
 1855	-	1744547	1745638	1092	1
 1856	-	1745770	1747641	1872	1
 1857	+	1747952	1748809	858	1
 1858	+	1748802	1750532	1731	1
 1859	+	1750529	1751086	558	1
 1860	+	1751135	1753489	2355	1
 1861	+	1753697	1755658	1962	1
 1862	+	1755685	1756665	981	1
 1863	+	1756667	1757827	1161	1
 1864	+	1757824	1758852	1029	1
 1865	+	1758849	1760171	1323	1
 1866	-	1760168	1760716	549	1
 1867	+	1760892	1761806	915	1
 1868	-	1761832	1762080	249	1
 1869	+	1762165	1764516	2352	1
 1870	+	1764513	1765010	498	1
 1871	+	1765339	1765923	585	1
 1872	+	1765969	1766652	684	1
 1873	-	1766658	1768004	1347	1
 1874	-	1768093	1769277	1185	1
 1875	+	1769416	1769811	396	1
 1876	-	1769813	1770610	798	1
 1877	-	1770607	1771521	915	1
 1878	-	1771589	1771843	255	1
 1879	-	1771904	1772563	660	1
 1880	+	1772658	1774430	1773	1
 1881	-	1774440	1775444	1005	1
 1882	-	1775435	1777849	2415	1
 1883	+	1778058	1778234	177	1
 1884	-	1778235	1778669	435	1
 1885	-	1778671	1779759	1089	1
 1886	-	1779934	1782003	2070	1
 1887	-	1782051	1782683	633	1
 1888	-	1782777	1783631	855	1
 1889	+	1783754	1784527	774	1
 1890	+	1784590	1785648	1059	1
 1891	+	1785645	1787465	1821	1
 1892	+	1787462	1788493	1032	1
 1893	-	1788497	1789174	678	1
 1894	+	1789249	1789680	432	1
 1895	+	1789760	1790338	579	1
 1896	-	1790346	1791131	786	1
 1897	-	1791131	1791235	105	1
 1898	-	1791263	1792804	1542	1
 1899	-	1792952	1793620	669	1
 1900	-	1793620	1794018	399	1
 1901	-	1794025	1794669	645	1
 1902	+	1795480	1797036	1557	1
 1903	-	1797043	1797321	279	1
 1904	-	1797336	1797863	528	1
 1905	+	1798013	1798387	375	1
 1906	+	1798384	1798656	273	1
 1907	-	1798661	1799380	720	1
 1908	+	1799492	1801018	1527	1
 1909	+	1801080	1802255	1176	1
 1910	-	1802265	1803428	1164	1
 1911	+	1803599	1804723	1125	1
 1912	+	1804793	1806088	1296	1
 1913	+	1806157	1809195	3039	1
 1914	-	1809205	1809840	636	1
 1915	+	1809997	1811580	1584	1
 1916	+	1811642	1812085	444	1
 1917	+	1812156	1813328	1173	1
 1918	-	1813332	1814579	1248	1
 1919	-	1814650	1814916	267	1
 1920	-	1814986	1815300	315	1
 1921	-	1815370	1815858	489	1
 1922	-	1815874	1817331	1458	1
 1923	-	1817328	1818518	1191	1
 1924	+	1818792	1818986	195	1
 1925	+	1819030	1819557	528	1
 1926	-	1819564	1821795	2232	1
 1927	+	1821917	1822060	144	1
 1928	-	1822093	1822641	549	1
 1929	+	1822845	1823357	513	1
 1930	-	1823408	1824040	633	1
 1931	+	1824119	1824277	159	1
 1932	-	1824274	1825290	1017	1
 1933	+	1825377	1826486	1110	1
 1934	+	1826656	1826763	108	1
 1935	+	1827006	1827578	573	1
 1936	+	1827571	1827987	417	1
 1937	-	1827994	1829010	1017	1
 1938	-	1829024	1829581	558	1
 1939	-	1829582	1830154	573	1
 1940	-	1830204	1831586	1383	1
 1941	+	1831708	1832136	429	1
 1942	-	1832133	1833254	1122	1
 1943	-	1833262	1833726	465	1
 1944	-	1833869	1834465	597	1
 1945	-	1834537	1834815	279	1
 1946	-	1834815	1834967	153	1
 1947	+	1835103	1835894	792	1
 1948	+	1835891	1836199	309	1
 1949	+	1836270	1837517	1248	1
 1950	+	1837571	1837999	429	1
 1951	-	1838012	1839043	1032	1
 1952	+	1839171	1840274	1104	1
 1953	+	1840267	1841307	1041	1
 1954	-	1841304	1841540	237	1
 1955	+	1841555	1841695	141	1
 1956	-	1841696	1843489	1794	1
 1957	-	1843521	1843721	201	1
 1958	-	1843764	1844882	1119	1
 1959	-	1844968	1846005	1038	1
 1960	-	1845998	1847602	1605	1
 1961	-	1847602	1848717	1116	1
 1962	-	1848761	1849900	1140	1
 1963	+	1850055	1850957	903	1
 1964	+	1850950	1851699	750	1
 1965	-	1851696	1851860	165	1
 1966	-	1851943	1852224	282	1
 1967	+	1852335	1853138	804	1
 1968	+	1853198	1853359	162	1
 1969	-	1853367	1853687	321	1
 1970	+	1853779	1854246	468	1
 1971	+	1854253	1854633	381	1
 1972	-	1854640	1855803	1164	1
 1973	-	1855840	1856535	696	1
 1974	+	1856621	1857802	1182	1
 1975	+	1858007	1859515	1509	1
 1976	+	1859515	1861218	1704	1
 1977	-	1861219	1862178	960	1
 1978	+	1862486	1862797	312	1
 1979	-	1864521	1864616	96	2
 1980	+	1869107	1869907	801	1
 1981	+	1869956	1870153	198	1
 1982	-	1870306	1870437	132	1
 1983	-	1870495	1871727	1233	1
 1984	+	1871852	1873321	1470	1
 1985	+	1873493	1873888	396	1
 1986	+	1873929	1874402	474	1
 1987	+	1874409	1875320	912	1
 1988	-	1875317	1876120	804	1
 1989	-	1876162	1877244	1083	1
 1990	-	1877304	1877753	450	1
 1991	+	1877829	1878272	444	1
 1992	-	1878287	1878844	558	1
 1993	-	1878828	1879208	381	1
 1994	+	1879308	1879928	621	1
 1995	-	1879925	1880440	516	1
 1996	+	1880543	1883374	2832	1
 1997	+	1883456	1885123	1668	1
 1998	+	1885181	1886224	1044	1
 1999	+	1886231	1887178	948	1
 2000	+	1887180	1887539	360	1
 2001	-	1887544	1888812	1269	1
 2002	-	1888837	1889520	684	1
 2003	+	1889575	1890435	861	1
 2004	+	1890478	1890918	441	1
 2005	-	1890923	1891495	573	1
 2006	+	1891616	1893145	1530	1
 2007	+	1893276	1894421	1146	1
 2008	-	1894411	1895043	633	1
 2009	-	1895798	1896901	1104	1
 2010	-	1896958	1899603	2646	1
 2011	+	1899887	1901017	1131	1
 2012	+	1901025	1902146	1122	1
 2013	+	1902149	1902970	822	1
 2014	+	1903223	1904140	918	1
 2015	-	1904137	1904718	582	1
 2016	+	1904812	1905390	579	1
 2017	-	1905611	1906021	411	1
 2018	-	1906165	1907085	921	1
 2019	-	1907089	1908168	1080	1
 2020	-	1908175	1909329	1155	1
 2021	-	1909419	1910282	864	1
 2022	+	1910546	1912093	1548	1
 2023	+	1912428	1914545	2118	1
 2024	-	1915012	1915473	462	1
 2025	+	1915632	1916174	543	1
 2026	-	1916175	1916672	498	1
 2027	+	1916807	1918384	1578	1
 2028	+	1918556	1920541	1986	1
 2029	+	1920626	1921120	495	1
 2030	+	1921143	1921502	360	1
 2031	+	1921527	1921949	423	1
 2032	-	1921928	1922365	438	1
 2033	+	1922446	1923024	579	1
 2034	+	1923130	1923324	195	1
 2035	+	1923378	1923740	363	1
 2036	-	1923805	1924098	294	1
 2037	+	1924251	1924451	201	1
 2038	-	1924461	1925222	762	1
 2039	-	1925415	1926035	621	1
 2040	+	1926147	1926890	744	1
 2041	+	1926936	1928246	1311	1
 2042	+	1928272	1928592	321	1
 2043	-	1928639	1929622	984	1
 2044	+	1929704	1930057	354	1
 2045	-	1930119	1930406	288	1
 2046	-	1930399	1930857	459	1
 2047	-	1930854	1931465	612	1
 2048	-	1931503	1931664	162	1
 2049	+	1931777	1932046	270	1
 2050	+	1932152	1934008	1857	1
 2051	-	1934005	1934349	345	1
 2052	+	1934436	1935368	933	1
 2053	+	1935368	1936705	1338	1
 2054	-	1936676	1937344	669	1
 2055	-	1937433	1938305	873	1
 2056	-	1938338	1938727	390	1
 2057	+	1938767	1939288	522	1
 2058	-	1939305	1940594	1290	1
 2059	-	1940807	1942639	1833	1
 2060	-	1942642	1942941	300	1
 2061	+	1943072	1943344	273	1
 2062	-	1943391	1945250	1860	1
 2063	+	1945666	1947174	1509	1
 2064	+	1947330	1948373	1044	1
 2065	+	1948479	1948652	174	1
 2066	+	1948844	1950673	1830	1
 2067	+	1950679	1951686	1008	1
 2068	-	1951680	1951931	252	1
 2069	+	1952017	1952652	636	1
 2070	-	1952601	1953740	1140	1
 2071	+	1953849	1953941	93	1
 2072	+	1954020	1955435	1416	1
 2073	-	1955444	1955815	372	1
 2074	-	1955893	1956873	981	1
 2075	-	1956940	1957542	603	1
 2076	+	1957659	1958399	741	1
 2077	-	1958415	1958612	198	1
 2078	-	1958667	1959239	573	1
 2079	+	1959329	1962277	2949	1
 2080	+	1962349	1963266	918	1
 2081	+	1963333	1964412	1080	1
 2082	-	1964420	1965793	1374	1
 2083	-	1965862	1966896	1035	1
 2084	-	1966941	1967240	300	1
 2085	+	1967322	1968263	942	1
 2086	+	1968308	1968700	393	1
 2087	-	1968809	1969165	357	1
 2088	+	1969318	1970046	729	1
 2089	-	1970069	1970548	480	1
 2090	+	1970631	1970906	276	1
 2091	+	1970949	1972238	1290	1
 2092	-	1972518	1972826	309	1
 2093	-	1972830	1974095	1266	1
 2094	-	1974250	1975203	954	1
 2095	-	1975200	1975775	576	1
 2096	-	1976001	1977305	1305	1
 2097	+	1977350	1977748	399	2
 2098	-	1977810	1979996	2187	1
 2099	+	1980189	1980953	765	1
 2100	-	1981028	1981660	633	1
 2101	-	1981664	1982092	429	1
 2102	-	1982256	1982675	420	1
 2103	-	1982675	1983868	1194	1
 2104	-	1983861	1986776	2916	1
 2105	-	1986776	1988602	1827	1
 2106	-	1988604	1990175	1572	1
 2107	-	1990176	1990403	228	1
 2108	-	1990743	1991663	921	1
 2109	+	1991900	1993129	1230	1
 2110	-	1993169	1993579	411	1
 2111	-	1993643	1994266	624	1
 2112	+	1994563	1996422	1860	1
 2113	-	1996432	1998108	1677	1
 2114	+	1998404	2000962	2559	1

