1	+	7302	9818	2517	1
2	+	9914	10828	915	1
3	-	11874	12311	438	1
4	-	15590	17470	1881	1
5	-	18759	20234	1476	1
6	+	29245	29607	363	1
7	+	31514	31819	306	1
8	-	39056	39829	774	1
9	+	43562	46471	2910	1
10	-	48233	49027	795	1
11	-	50021	51124	1104	1
12	+	55696	57378	1683	1
13	+	58192	58482	291	1
14	+	58586	59080	495	1
15	-	72274	74511	2238	1
16	-	77619	78896	1278	1
17	+	82748	83983	1236	1
18	+	100583	102868	2286	1
19	+	117714	119699	1986	1
20	+	138513	139673	1161	1
21	-	145627	147771	2145	1
22	+	152324	154129	1806	1
23	+	157847	158302	456	1
24	+	161771	162673	903	1
25	+	163366	164691	1326	1
26	+	190607	191956	1350	1
27	+	194993	196657	1665	1
28	+	196861	197658	798	1
29	+	197660	198529	870	1
30	+	198534	199898	1365	1
31	+	208938	209672	735	1
32	-	210892	212250	1359	1
33	+	215715	216224	510	1
34	+	219486	219917	432	1
35	-	219996	221723	1728	1
36	+	221871	222161	291	1
37	-	234516	236507	1992	1
38	+	236550	237209	660	1
39	-	241976	243214	1239	1
40	+	251782	253602	1821	1
41	+	265507	266295	789	1
42	-	266301	267764	1464	1
43	-	274983	275963	981	1
44	+	276058	277764	1707	1
45	-	281166	282614	1449	1
46	+	296005	296493	489	1
47	-	300834	301655	822	1
48	-	301735	302028	294	1
49	-	302173	302652	480	1
50	-	306374	307858	1485	1
51	-	311514	312659	1146	1
52	-	314309	314854	546	1
53	-	317525	321154	3630	1
54	+	324567	326249	1683	1
55	-	326266	328461	2196	1
56	+	351525	351818	294	1
57	+	353083	354501	1419	1
58	+	365234	366142	909	1
59	+	382490	382876	387	1
60	+	387148	387816	669	1
61	+	388582	389154	573	1
62	+	409362	410801	1440	1
63	-	415502	416965	1464	1
64	+	419835	421712	1878	1
65	+	421709	422416	708	1
66	-	435471	436769	1299	1
67	+	438822	439649	828	1
68	-	441265	442299	1035	1
69	-	456915	457823	909	1
70	-	457841	458380	540	1
71	-	459456	462002	2547	1
72	+	468335	469594	1260	1
73	+	469591	470013	423	1
74	-	471227	472639	1413	1
75	-	478566	479753	1188	1
76	-	489887	490705	819	1
77	+	491786	493858	2073	1
78	+	493851	495008	1158	1
79	-	498300	499619	1320	1
80	+	501148	502170	1023	1
81	-	507132	507761	630	1
82	-	516017	516892	876	1
83	+	528608	530230	1623	1
84	+	532396	532911	516	1
85	-	533091	533789	699	1
86	-	547586	549607	2022	1
87	+	549675	551198	1524	1
88	+	552614	554008	1395	1
89	-	560848	561711	864	1
90	+	565797	566396	600	1
91	+	578426	579175	750	1
92	+	587377	588309	933	1
93	+	590083	590970	888	1
94	+	591654	592784	1131	1
95	-	593871	594779	909	1
96	-	594802	595302	501	1
97	+	600441	601847	1407	1
98	+	605604	606152	549	1
99	-	614326	614721	396	1
100	-	624473	625480	1008	1
101	-	625562	626440	879	1
102	+	630040	631686	1647	1
103	-	637583	637969	387	1
104	+	642889	644493	1605	1
105	+	645467	646255	789	1
106	-	657548	658039	492	1
107	-	677125	677616	492	1
108	+	685129	685926	798	1
109	+	703244	703489	246	1
110	-	706948	709515	2568	1
111	+	716664	717059	396	1
112	-	717153	717893	741	1
113	-	725013	728306	3294	1
114	-	728583	729278	696	1
115	+	731712	731879	168	1
116	+	731930	732406	477	1
117	+	732393	732821	429	1
118	+	733737	734222	486	1
119	-	738297	739160	864	1
120	+	748849	749241	393	1
121	-	749234	749929	696	1
122	+	763370	767320	3951	1
123	+	769792	770550	759	1
124	+	773123	774061	939	1
125	-	775586	778480	2895	1
126	+	781560	781934	375	1
127	+	782485	784590	2106	1
128	+	787940	789160	1221	1
129	-	790024	791073	1050	1
130	+	793335	794525	1191	1
131	+	802133	802435	303	1
132	+	803689	804282	594	1
133	+	805526	805759	234	1
134	+	808746	809645	900	1
135	+	809946	810887	942	1
136	+	811373	811741	369	1
137	+	812976	813374	399	1
138	+	813940	814308	369	1
139	+	814328	814990	663	1
140	-	819843	820499	657	1
141	+	824800	826125	1326	1
142	-	842347	843231	885	1
143	-	843242	844414	1173	1
144	-	844421	845953	1533	1
145	-	850741	851466	726	1
146	-	854267	854686	420	1
147	-	855925	856470	546	1
148	-	865851	867389	1539	1
149	+	870008	871426	1419	1
150	+	873343	874236	894	1
151	-	887137	888636	1500	1
152	-	891472	892269	798	1
153	+	893318	894619	1302	1
154	+	894631	894978	348	1
155	-	894972	895628	657	1
156	-	905234	906340	1107	1
157	-	907338	908018	681	1
158	-	908485	909318	834	1
159	-	909611	910033	423	1
160	-	922894	923709	816	1
161	-	933003	934031	1029	1
162	-	942680	944194	1515	1
163	+	955077	956288	1212	1
164	+	956293	958455	2163	1
165	-	960342	962612	2271	1
166	+	970505	972457	1953	1
167	+	976075	976863	789	1
168	-	981424	982554	1131	1
169	-	985513	985971	459	1
170	-	988740	989861	1122	1
171	-	989948	992596	2649	1
172	+	999472	1000767	1296	1
173	+	1008207	1008938	732	1
174	-	1017217	1018725	1509	1
175	-	1018727	1019965	1239	1
176	-	1031896	1032633	738	1
177	-	1032710	1033786	1077	1
178	-	1033840	1034631	792	1
179	-	1037920	1039914	1995	1
180	+	1043299	1044315	1017	1
181	-	1055024	1056685	1662	1
182	-	1057646	1057963	318	1
183	+	1058260	1060575	2316	1
184	+	1061964	1063127	1164	1
185	+	1065127	1066038	912	1
186	+	1067561	1068208	648	1
187	+	1078391	1078687	297	1
188	-	1081775	1082584	810	1
189	-	1082584	1083750	1167	1
190	-	1106405	1107382	978	1
191	+	1109272	1110192	921	1
192	+	1117185	1118393	1209	1
193	-	1125444	1127003	1560	1
194	-	1133333	1133908	576	1
195	-	1135501	1136481	981	1
196	-	1136573	1138060	1488	1
197	+	1144564	1145853	1290	1
198	+	1145858	1146544	687	1
199	+	1147019	1147978	960	1
200	+	1177628	1178392	765	1
201	-	1194270	1195043	774	1
202	-	1195055	1196092	1038	1
203	+	1196279	1197115	837	1
204	-	1198156	1199373	1218	1
205	-	1205304	1205798	495	1
206	-	1209756	1210484	729	1
207	+	1214513	1214947	435	1
208	+	1221959	1222786	828	1
209	-	1226141	1227565	1425	1
210	-	1229391	1230548	1158	1
211	-	1235457	1236095	639	1
212	+	1238255	1239328	1074	1
213	+	1239610	1239984	375	1
214	+	1243707	1245107	1401	1
215	+	1245129	1246151	1023	1
216	-	1249330	1249935	606	1
217	-	1265472	1266488	1017	1
218	+	1274900	1275550	651	1
219	+	1284992	1286287	1296	1
220	-	1286284	1286568	285	1
221	+	1287328	1291026	3699	1
222	+	1291065	1292741	1677	1
223	-	1306202	1308226	2025	1
224	+	1309005	1309331	327	1
225	-	1325776	1327512	1737	1
226	+	1329390	1331021	1632	1
227	+	1335794	1337215	1422	1
228	+	1349332	1351125	1794	1
229	-	1357759	1359444	1686	1
230	+	1376976	1377503	528	1
231	+	1380684	1381865	1182	1
232	-	1387798	1388628	831	1
233	-	1388975	1389244	270	1
234	-	1389357	1393052	3696	1
235	+	1407339	1408238	900	1
236	+	1410431	1411819	1389	1
237	-	1433433	1435271	1839	1
238	+	1437324	1437815	492	1
239	+	1441348	1442718	1371	1
240	+	1446379	1448031	1653	1
241	+	1448028	1449371	1344	1
242	+	1449375	1450700	1326	1
243	+	1450697	1451779	1083	1
244	+	1455163	1455405	243	1
245	+	1455495	1456568	1074	1
246	+	1457558	1458211	654	1
247	+	1463228	1464877	1650	1
248	+	1465841	1467301	1461	1
249	+	1467315	1467680	366	1
250	+	1467688	1468131	444	1
251	+	1500661	1500966	306	1
252	+	1501599	1502633	1035	1
253	+	1503394	1504365	972	1
254	+	1505075	1505890	816	1
255	-	1508184	1508546	363	1
256	+	1510846	1512006	1161	1
257	-	1550579	1551217	639	1
258	+	1564401	1565027	627	1
259	-	1574112	1574513	402	1
260	-	1574850	1575809	960	1
261	-	1575834	1576796	963	1
262	-	1581145	1581969	825	1
263	+	1588567	1589172	606	1
264	+	1591671	1592153	483	1
265	+	1594042	1595982	1941	1
266	+	1596881	1597909	1029	1
267	+	1608083	1609852	1770	1
268	+	1614329	1615567	1239	1
269	+	1615564	1616349	786	1
270	-	1623714	1624457	744	1
271	-	1624454	1625365	912	1
272	-	1626959	1628080	1122	1
273	-	1628097	1630199	2103	1
274	-	1639674	1640660	987	1
275	+	1649526	1650719	1194	1
276	+	1650716	1651516	801	1
277	+	1651518	1652771	1254	1
278	+	1653231	1653578	348	1
279	-	1653673	1655502	1830	1
280	+	1669283	1670416	1134	1
281	+	1673440	1674183	744	1
282	+	1686884	1687888	1005	1
283	-	1695281	1695946	666	1
284	+	1729502	1731256	1755	1
285	+	1735976	1736212	237	1
286	+	1742244	1742852	609	1
287	+	1742845	1743771	927	1
288	+	1745064	1746089	1026	1
289	+	1746094	1746897	804	1
290	+	1747694	1751248	3555	1
291	+	1755445	1757310	1866	1
292	+	1759435	1760178	744	1
293	+	1762947	1763393	447	1
294	+	1763428	1764717	1290	1
295	+	1775392	1776705	1314	1
296	+	1777859	1778539	681	1
297	-	1787096	1788505	1410	1
298	+	1790284	1791333	1050	1
299	+	1791570	1792235	666	1
300	-	1793997	1794707	711	1
301	+	1794756	1795805	1050	1
302	+	1797388	1798245	858	1
303	-	1799073	1799483	411	1
304	-	1807298	1807762	465	1
305	+	1807903	1809453	1551	1
306	+	1810240	1811058	819	1
307	+	1811127	1812359	1233	1
308	+	1812359	1813171	813	1
309	-	1821690	1823273	1584	1
310	-	1824430	1825887	1458	1
311	+	1828180	1828797	618	1
312	-	1830070	1830561	492	1
313	+	1830665	1833379	2715	1
314	+	1833542	1834987	1446	1
315	+	1842451	1842891	441	1
316	-	1846716	1846973	258	1
317	+	1855764	1856696	933	1
318	+	1868723	1869925	1203	1
319	+	1874160	1875221	1062	1
320	+	1891226	1892287	1062	1
321	+	1896120	1896467	348	1
322	-	1896876	1898207	1332	1
323	+	1903299	1904420	1122	1
324	+	1904429	1905253	825	1
325	+	1912979	1913590	612	1
326	+	1913602	1914876	1275	1
327	+	1925582	1926205	624	1
328	+	1938146	1938841	696	1
329	+	1957677	1959233	1557	1
330	+	1972138	1973568	1431	1
331	-	1995054	1995842	789	1
332	+	2006636	2006947	312	1
333	+	2014699	2015262	564	1
334	-	2023447	2024628	1182	1
335	+	2036700	2038532	1833	1
336	+	2048072	2048371	300	1
337	+	2057528	2058193	666	1
338	+	2064799	2066442	1644	1
339	+	2071036	2071914	879	1
340	+	2071952	2072356	405	1
341	-	2078929	2079789	861	1
342	+	2097348	2097650	303	1
343	+	2109544	2110584	1041	1
344	-	2119460	2120695	1236	1
345	+	2124381	2124824	444	1
346	+	2125340	2125819	480	1
347	+	2128022	2129374	1353	1
348	+	2129377	2130513	1137	1
349	-	2140739	2141869	1131	1
350	-	2144451	2144882	432	1
351	+	2144940	2145248	309	1
352	-	2145214	2146245	1032	1
353	-	2153889	2156111	2223	1
354	-	2176550	2176930	381	1
355	+	2179673	2180446	774	1
356	-	2180450	2181217	768	1
357	+	2183372	2183869	498	1
358	+	2187384	2188493	1110	1
359	+	2216592	2217167	576	1
360	-	2232739	2233299	561	1
361	-	2237303	2237575	273	1
362	+	2238141	2238908	768	1
363	+	2239004	2239957	954	1
364	-	2249478	2250974	1497	1
365	-	2256084	2256428	345	1
366	-	2274569	2275408	840	1
367	-	2275405	2276424	1020	1
368	-	2278498	2278932	435	1
369	+	2279129	2280124	996	1
370	-	2294531	2306986	12456	1
371	-	2316681	2317085	405	1
372	+	2321451	2322542	1092	1
373	-	2328222	2328977	756	1
374	+	2347373	2348554	1182	1
375	-	2368983	2369729	747	1
376	-	2391215	2392459	1245	1
377	-	2399798	2400328	531	1
378	-	2400376	2401722	1347	1
379	-	2404616	2405398	783	1
380	-	2408385	2409524	1140	1
381	-	2409697	2410641	945	1
382	-	2420631	2421665	1035	1
383	-	2429427	2429858	432	1
384	-	2433631	2434536	906	1
385	-	2440332	2441720	1389	1
386	-	2447066	2447500	435	1
387	+	2453819	2455756	1938	1
388	-	2455631	2456743	1113	1
389	+	2456901	2457512	612	1
390	+	2458392	2459681	1290	1
391	-	2462148	2463047	900	1
392	-	2467053	2468027	975	1
393	-	2468931	2469287	357	1
394	+	2471411	2472496	1086	1
395	-	2474864	2475970	1107	1
396	+	2477190	2478326	1137	1
397	+	2478338	2479885	1548	1
398	+	2481965	2483626	1662	1
399	+	2483626	2484531	906	1
400	+	2487615	2489051	1437	1
401	+	2497742	2498587	846	1
402	-	2503469	2504608	1140	1
403	+	2507146	2507637	492	1
404	-	2510715	2511176	462	1
405	+	2517771	2518118	348	1
406	+	2520743	2522164	1422	1
407	-	2530004	2530822	819	1
408	-	2530836	2531897	1062	1
409	+	2535641	2536594	954	1
410	+	2545737	2546105	369	1
411	-	2554938	2555876	939	1
412	+	2565327	2566550	1224	1
413	-	2570059	2572002	1944	1
414	-	2574096	2575019	924	1
415	-	2585917	2587290	1374	1
416	-	2591848	2592726	879	1
417	-	2592723	2594153	1431	1
418	+	2599988	2600479	492	1
419	+	2608796	2609728	933	1
420	-	2622457	2623752	1296	1
421	-	2626654	2626980	327	1
422	-	2632923	2634098	1176	1
423	+	2641246	2641653	408	1
424	+	2644320	2645774	1455	1
425	-	2645771	2646673	903	1
426	-	2652839	2653987	1149	1
427	-	2656408	2657703	1296	1
428	+	2687128	2687973	846	1
429	+	2688010	2689941	1932	1
430	-	2693909	2694964	1056	1
431	-	2696644	2697714	1071	1
432	-	2715472	2716314	843	1
433	-	2723308	2724183	876	1
434	-	2724230	2725477	1248	1
435	+	2726193	2726780	588	1
436	-	2727336	2727920	585	1
437	-	2727967	2728266	300	1
438	-	2734792	2736831	2040	1
439	-	2742123	2744984	2862	1
440	-	2753018	2753623	606	1
441	-	2754743	2756704	1962	1
442	-	2758208	2759488	1281	1
443	+	2768986	2771571	2586	1
444	-	2776975	2777391	417	1
445	-	2782366	2784042	1677	1
446	+	2794350	2795120	771	1
447	-	2813727	2814911	1185	1
448	-	2814916	2816880	1965	1
449	-	2816885	2818474	1590	1
450	+	2821712	2822359	648	1
451	+	2824678	2825484	807	1
452	-	2825488	2827089	1602	1
453	-	2837388	2837615	228	1
454	-	2840123	2849332	9210	1
455	-	2858727	2859290	564	1
456	-	2861148	2861591	444	1
457	-	2893464	2894408	945	1
458	+	2903639	2904541	903	1
459	-	2906089	2906763	675	1
460	+	2916360	2917709	1350	1
461	-	2932297	2933142	846	1
462	-	2933171	2934070	900	1
463	+	2934198	2934872	675	1
464	-	2939959	2940612	654	1
465	-	2941189	2943267	2079	1
466	+	2945330	2945830	501	1
467	-	2947096	2947449	354	1
468	+	2949593	2950486	894	1
469	-	2959335	2959820	486	1
470	+	2986839	2987615	777	1
471	-	2991184	2991936	753	1
472	-	2991933	2992628	696	1
473	+	2995115	2995945	831	1
474	+	3000112	3000609	498	1
475	-	3014663	3014965	303	1
476	+	3015203	3015853	651	1
477	-	3015863	3016735	873	1
478	+	3016858	3017655	798	1
479	+	3023565	3024257	693	1
480	+	3027065	3028039	975	1
481	+	3029172	3029858	687	1
482	-	3030413	3030877	465	1
483	+	3031788	3032498	711	1
484	+	3053233	3053682	450	1
485	-	3057251	3058063	813	1
486	+	3062505	3062819	315	1
487	-	3064515	3066191	1677	1
488	-	3066222	3067124	903	1
489	+	3074636	3075373	738	1
490	-	3078158	3078985	828	1
491	-	3090339	3092597	2259	1
492	+	3096959	3097645	687	1
493	-	3097706	3098938	1233	1
494	-	3102364	3103260	897	1
495	+	3137271	3138020	750	1
496	-	3142309	3143628	1320	1
497	-	3148385	3149428	1044	1
498	+	3150713	3151201	489	1
499	-	3154654	3155871	1218	1
500	-	3157521	3158144	624	1
501	-	3158165	3160054	1890	1
502	-	3169356	3170723	1368	1
503	-	3171627	3173000	1374	1
504	-	3179368	3180531	1164	1
505	-	3191644	3192201	558	1
506	-	3192373	3193158	786	1
507	+	3196431	3196850	420	1
508	-	3198292	3199107	816	1
509	-	3204381	3205232	852	1
510	-	3211803	3212108	306	1
511	-	3213912	3214253	342	1
512	-	3216905	3217147	243	1
513	-	3221767	3223524	1758	1
514	-	3224708	3226285	1578	1
515	-	3238086	3238499	414	1
516	+	3245445	3251075	5631	1
517	+	3255685	3262251	6567	1
518	+	3267737	3272203	4467	1
519	+	3274072	3274902	831	1
520	+	3274949	3276217	1269	1
521	+	3288464	3289705	1242	1
522	+	3289705	3290235	531	1
523	-	3299971	3300570	600	1
524	-	3310714	3312000	1287	1
525	-	3318330	3318815	486	1
526	-	3318901	3319467	567	1
527	+	3326101	3326949	849	1
528	-	3332071	3332754	684	1
529	-	3337995	3338999	1005	1
530	+	3339854	3342082	2229	1
531	-	3343176	3343820	645	1
532	-	3344033	3344629	597	1
533	-	3348805	3350277	1473	1
534	-	3352458	3353468	1011	1
535	-	3353483	3355069	1587	1
536	-	3361130	3362986	1857	1
537	-	3368823	3369854	1032	1
538	-	3369950	3371434	1485	1
539	-	3371431	3371730	300	1
540	-	3372545	3374620	2076	1
541	-	3374651	3375664	1014	1
542	-	3383885	3385066	1182	1
543	-	3387075	3388031	957	1
544	-	3388070	3388870	801	1
545	+	3406285	3407325	1041	1
546	-	3409509	3411083	1575	1
547	+	3419492	3420970	1479	1
548	-	3423262	3425427	2166	1
549	-	3441770	3442597	828	1
550	-	3447404	3448426	1023	1
551	+	3459116	3460807	1692	1
552	-	3460814	3461734	921	1
553	-	3468413	3469264	852	1
554	+	3477649	3478728	1080	1
555	+	3485132	3485575	444	1
556	-	3494975	3496366	1392	1
557	-	3497529	3499265	1737	1
558	+	3501794	3502936	1143	1
559	+	3503393	3504175	783	1
560	+	3505363	3506769	1407	1
561	+	3506790	3507995	1206	1
562	-	3509118	3509546	429	1
563	+	3512077	3512631	555	1
564	+	3513338	3514660	1323	1
565	+	3515412	3516749	1338	1
566	+	3516746	3519166	2421	1
567	+	3520507	3521142	636	1
568	+	3536102	3537238	1137	1
569	+	3537238	3538362	1125	1
570	-	3569109	3571211	2103	1
571	-	3582532	3583710	1179	1
572	-	3586844	3587539	696	1
573	-	3590692	3591492	801	1
574	-	3598901	3599551	651	1
575	+	3604726	3605718	993	1
576	-	3605751	3607034	1284	1
577	-	3608364	3608873	510	1
578	-	3626663	3627349	687	1
579	-	3627419	3628063	645	1
580	-	3637312	3638709	1398	1
581	-	3644898	3645977	1080	1
582	+	3650234	3650515	282	1
583	+	3650526	3652682	2157	1
584	-	3652679	3653347	669	1
585	+	3653448	3654632	1185	1
586	-	3656920	3658089	1170	1
587	-	3660651	3661169	519	1
588	+	3664928	3665821	894	1
589	+	3665818	3666249	432	1
590	-	3671845	3672297	453	1
591	+	3691141	3691620	480	1
592	-	3691639	3692808	1170	1
593	-	3692805	3693989	1185	1
594	+	3694864	3696468	1605	1
595	-	3696470	3697093	624	1
596	+	3698121	3699383	1263	1
597	-	3701087	3702184	1098	1
598	-	3702184	3703467	1284	1
599	-	3703464	3703865	402	1
600	+	3718595	3719746	1152	1
601	-	3721731	3722600	870	1
602	+	3726127	3727476	1350	1
603	-	3769804	3770649	846	1
604	-	3774871	3777501	2631	1
605	-	3780335	3780979	645	1
606	+	3784932	3786272	1341	1
607	-	3803919	3804791	873	1
608	-	3807574	3808437	864	1
609	-	3812501	3814078	1578	1
610	+	3818042	3820402	2361	1
611	-	3828783	3829910	1128	1
612	-	3835272	3836891	1620	1
613	-	3836986	3837288	303	1
614	-	3851792	3853213	1422	1
615	-	3858259	3859662	1404	1
616	-	3860024	3861370	1347	1
617	-	3861495	3861950	456	1
618	-	3877464	3878507	1044	1
619	+	3880907	3881764	858	1
620	+	3883525	3884193	669	1
621	+	3894093	3894389	297	1
622	-	3919220	3920062	843	1
623	-	3920097	3920861	765	1
624	-	3936877	3938424	1548	1
625	-	3938421	3939257	837	1
626	-	3954325	3955521	1197	1
627	+	3955550	3956260	711	1
628	-	3961800	3962324	525	1
629	+	3963605	3964054	450	1
630	-	3972552	3973592	1041	1
631	-	3980659	3981048	390	1
632	+	3985557	3986732	1176	1
633	-	3988319	3989098	780	1
634	-	3995804	3996964	1161	1
635	+	4004291	4005250	960	1
636	-	4007331	4008182	852	1
637	-	4010196	4011071	876	1
638	-	4014077	4016212	2136	1
639	-	4024344	4025039	696	1
640	-	4029871	4030494	624	1
641	-	4041423	4042940	1518	1
642	-	4043041	4043859	819	1
643	-	4044281	4045210	930	1
644	-	4054812	4055123	312	1
645	+	4067423	4067911	489	1
646	+	4091841	4092878	1038	1
647	+	4107792	4109747	1956	1
648	-	4118530	4118691	162	1
649	+	4124417	4125376	960	1
650	+	4131739	4132392	654	1
651	+	4133516	4134592	1077	1
652	-	4136122	4137114	993	1
653	-	4138202	4139755	1554	1
654	+	4142044	4142745	702	1
655	-	4149091	4149480	390	1
656	-	4151180	4152217	1038	1
657	+	4153740	4155674	1935	1
658	-	4161815	4162258	444	1
659	-	4166821	4168128	1308	1
660	-	4180680	4181720	1041	1
661	+	4187699	4189288	1590	1
662	-	4193391	4195373	1983	1
663	+	4196724	4197107	384	1
664	+	4197236	4197595	360	1
665	-	4205862	4206917	1056	1
666	-	4206996	4208876	1881	1
667	+	4218849	4219673	825	1
668	+	4228347	4229261	915	1
669	+	4235779	4237164	1386	1
670	+	4251085	4252866	1782	1
671	-	4254380	4255948	1569	1
672	-	4255945	4261146	5202	1
673	-	4268925	4269833	909	1
674	-	4270366	4272279	1914	1
675	-	4280792	4281571	780	1
676	+	4281647	4282402	756	1
677	+	4283996	4284331	336	1
678	-	4284419	4285825	1407	1
679	+	4299812	4301566	1755	1
680	+	4309047	4310396	1350	1
681	+	4314178	4314723	546	1
682	+	4320704	4321327	624	1
683	+	4323499	4323897	399	1
684	+	4325074	4325478	405	1
685	+	4325495	4325968	474	1
686	+	4341566	4341877	312	1
687	+	4352274	4352576	303	1
688	+	4352609	4352896	288	1
689	+	4356693	4357535	843	1
690	-	4357593	4359782	2190	1
691	-	4360199	4360546	348	1
692	-	4360543	4361925	1383	1
693	-	4362032	4363420	1389	1
694	-	4366908	4368521	1614	1
695	-	4373726	4374013	288	1
696	-	4374049	4374372	324	1
697	-	4391631	4393073	1443	1
698	+	4396597	4400151	3555	1
699	+	4401728	4402735	1008	1
700	+	4402732	4403082	351	1
701	-	4406488	4407531	1044	1
